[0.027s] Invoking command in '/home/dongjae/slambook_ws/build/slam_core': CMAKE_PREFIX_PATH=/opt/ros/humble /usr/bin/cmake --build /home/dongjae/slambook_ws/build/slam_core -- -j16 -l16
[0.101s] -- Found ament_cmake: 1.3.12 (/opt/ros/humble/share/ament_cmake/cmake)
[0.257s] -- Found rclcpp: 16.0.15 (/opt/ros/humble/share/rclcpp/cmake)
[0.459s] -- Found rosidl_generator_c: 3.1.7 (/opt/ros/humble/share/rosidl_generator_c/cmake)
[0.463s] -- Found rosidl_adapter: 3.1.7 (/opt/ros/humble/share/rosidl_adapter/cmake)
[0.474s] -- Found rosidl_generator_cpp: 3.1.7 (/opt/ros/humble/share/rosidl_generator_cpp/cmake)
[0.488s] -- Using all available rosidl_typesupport_c: rosidl_typesupport_fastrtps_c;rosidl_typesupport_introspection_c
[0.504s] -- Using all available rosidl_typesupport_cpp: rosidl_typesupport_fastrtps_cpp;rosidl_typesupport_introspection_cpp
[0.550s] -- Found rmw_implementation_cmake: 6.1.2 (/opt/ros/humble/share/rmw_implementation_cmake/cmake)
[0.553s] -- Found rmw_fastrtps_cpp: 6.2.8 (/opt/ros/humble/share/rmw_fastrtps_cpp/cmake)
[4.754s] -- Using RMW implementation 'rmw_fastrtps_cpp' as default
[4.823s] -- Found cv_bridge: 3.2.1 (/opt/ros/humble/share/cv_bridge/cmake)
[4.859s] -- Found required Ceres dependency: Eigen version 3.4.0 in /usr/include/eigen3
[4.863s] -- Found required Ceres dependency: glog
[4.863s] -- Found required Ceres dependency: gflags
[4.864s] -- Found Ceres version: 2.0.0 installed in: /usr with components: [EigenSparse, SparseLinearAlgebraLibrary, LAPACK, SuiteSparse, CXSparse, SchurSpecializations, Multithreading]
[4.866s] -- Found nav_msgs: 4.9.0 (/opt/ros/humble/share/nav_msgs/cmake)
[5.909s] [31mCMake Error at CMakeLists.txt:17 (find_package):
[5.909s]   By not providing "FindG2O.cmake" in CMAKE_MODULE_PATH this project has
[5.909s]   asked CMake to find a package configuration file provided by "G2O", but
[5.909s]   CMake did not find one.
[5.909s] 
[5.909s]   Could not find a package configuration file provided by "G2O" with any of
[5.909s]   the following names:
[5.909s] 
[5.909s]     G2OConfig.cmake
[5.909s]     g2o-config.cmake
[5.909s] 
[5.909s]   Add the installation prefix of "G2O" to CMAKE_PREFIX_PATH or set "G2O_DIR"
[5.909s]   to a directory containing one of the above files.  If "G2O" provides a
[5.909s]   separate development package or SDK, be sure it has been installed.
[5.909s] 
[5.909s] [0m
[5.909s] -- Configuring incomplete, errors occurred!
[5.909s] See also "/home/dongjae/slambook_ws/build/slam_core/CMakeFiles/CMakeOutput.log".
[5.922s] gmake: *** [Makefile:348: cmake_check_build_system] Error 1
[5.925s] Invoked command in '/home/dongjae/slambook_ws/build/slam_core' returned '2': CMAKE_PREFIX_PATH=/opt/ros/humble /usr/bin/cmake --build /home/dongjae/slambook_ws/build/slam_core -- -j16 -l16
