[0.019s] Invoking command in '/home/dongjae/slambook_ws/build/slam_core': CMAKE_PREFIX_PATH=${CMAKE_PREFIX_PATH}:/opt/ros/humble /usr/bin/cmake --build /home/dongjae/slambook_ws/build/slam_core -- -j16 -l16
[0.103s] [35m[1mConsolidate compiler generated dependencies of target slam_system[0m
[0.134s] [ 20%] [32mBuilding CXX object CMakeFiles/slam_system.dir/src/frontend/visual_odometry.cpp.o[0m
[5.059s] [01m[K/home/dongjae/slambook_ws/src/slam_core/src/frontend/visual_odometry.cpp:[m[K In member function ‘[01m[Kbool VisualOdometry::triangulation(const Frame&, Frame&, const std::vector<cv::DMatch>&, std::vector<std::shared_ptr<MapPoint> >&, bool)[m[K’:
[5.059s] [01m[K/home/dongjae/slambook_ws/src/slam_core/src/frontend/visual_odometry.cpp:170:18:[m[K [01;35m[Kwarning: [m[Kcomparison of integer expressions of different signedness: ‘[01m[Kint[m[K’ and ‘[01m[Kstd::vector<cv::DMatch>::size_type[m[K’ {aka ‘[01m[Klong unsigned int[m[K’} [[01;35m[K]8;;https://gcc.gnu.org/onlinedocs/gcc/Warning-Options.html#index-Wsign-compare-Wsign-compare]8;;[m[K]
[5.059s]   170 |     for(int i=0;[01;35m[Ki<matches.size()[m[K;i++){
[5.059s]       |                 [01;35m[K~^~~~~~~~~~~~~~~[m[K
[5.126s] [01m[K/home/dongjae/slambook_ws/src/slam_core/src/frontend/visual_odometry.cpp:[m[K In member function ‘[01m[Kbool VisualOdometry::PnPcompute(const VecVector3d&, const VecVector2d&, Frame&)[m[K’:
[5.127s] [01m[K/home/dongjae/slambook_ws/src/slam_core/src/frontend/visual_odometry.cpp:310:26:[m[K [01;35m[Kwarning: [m[Kcomparison of integer expressions of different signedness: ‘[01m[Kint[m[K’ and ‘[01m[Kstd::vector<Eigen::Matrix<double, 3, 1>, Eigen::aligned_allocator<Eigen::Matrix<double, 3, 1> > >::size_type[m[K’ {aka ‘[01m[Klong unsigned int[m[K’} [[01;35m[K]8;;https://gcc.gnu.org/onlinedocs/gcc/Warning-Options.html#index-Wsign-compare-Wsign-compare]8;;[m[K]
[5.127s]   310 |         for(int i = 0; [01;35m[Ki < points_3d.size()[m[K; i++){
[5.127s]       |                        [01;35m[K~~^~~~~~~~~~~~~~~~~~[m[K
[31.957s] [ 40%] [32m[1mLinking CXX executable slam_system[0m
[35.028s] [100%] Built target slam_system
[35.039s] Invoked command in '/home/dongjae/slambook_ws/build/slam_core' returned '0': CMAKE_PREFIX_PATH=${CMAKE_PREFIX_PATH}:/opt/ros/humble /usr/bin/cmake --build /home/dongjae/slambook_ws/build/slam_core -- -j16 -l16
[35.049s] Invoking command in '/home/dongjae/slambook_ws/build/slam_core': CMAKE_PREFIX_PATH=${CMAKE_PREFIX_PATH}:/opt/ros/humble /usr/bin/cmake --install /home/dongjae/slambook_ws/build/slam_core
[35.056s] -- Install configuration: "Debug"
[35.057s] -- Installing: /home/dongjae/slambook_ws/install/slam_core/lib/slam_core/slam_system
[35.346s] -- Set runtime path of "/home/dongjae/slambook_ws/install/slam_core/lib/slam_core/slam_system" to ""
[35.346s] -- Up-to-date: /home/dongjae/slambook_ws/install/slam_core/share/ament_index/resource_index/package_run_dependencies/slam_core
[35.346s] -- Up-to-date: /home/dongjae/slambook_ws/install/slam_core/share/ament_index/resource_index/parent_prefix_path/slam_core
[35.346s] -- Up-to-date: /home/dongjae/slambook_ws/install/slam_core/share/slam_core/environment/ament_prefix_path.sh
[35.347s] -- Up-to-date: /home/dongjae/slambook_ws/install/slam_core/share/slam_core/environment/ament_prefix_path.dsv
[35.347s] -- Up-to-date: /home/dongjae/slambook_ws/install/slam_core/share/slam_core/environment/path.sh
[35.347s] -- Up-to-date: /home/dongjae/slambook_ws/install/slam_core/share/slam_core/environment/path.dsv
[35.347s] -- Up-to-date: /home/dongjae/slambook_ws/install/slam_core/share/slam_core/local_setup.bash
[35.347s] -- Up-to-date: /home/dongjae/slambook_ws/install/slam_core/share/slam_core/local_setup.sh
[35.348s] -- Up-to-date: /home/dongjae/slambook_ws/install/slam_core/share/slam_core/local_setup.zsh
[35.348s] -- Up-to-date: /home/dongjae/slambook_ws/install/slam_core/share/slam_core/local_setup.dsv
[35.348s] -- Installing: /home/dongjae/slambook_ws/install/slam_core/share/slam_core/package.dsv
[35.348s] -- Up-to-date: /home/dongjae/slambook_ws/install/slam_core/share/ament_index/resource_index/packages/slam_core
[35.348s] -- Up-to-date: /home/dongjae/slambook_ws/install/slam_core/share/slam_core/cmake/slam_coreConfig.cmake
[35.348s] -- Up-to-date: /home/dongjae/slambook_ws/install/slam_core/share/slam_core/cmake/slam_coreConfig-version.cmake
[35.348s] -- Up-to-date: /home/dongjae/slambook_ws/install/slam_core/share/slam_core/package.xml
[35.351s] Invoked command in '/home/dongjae/slambook_ws/build/slam_core' returned '0': CMAKE_PREFIX_PATH=${CMAKE_PREFIX_PATH}:/opt/ros/humble /usr/bin/cmake --install /home/dongjae/slambook_ws/build/slam_core
