[33mCMake Warning (dev) at /usr/share/cmake-3.22/Modules/FindOpenGL.cmake:315 (message):
  Policy CMP0072 is not set: FindOpenGL prefers GLVND by default when
  available.  Run "cmake --help-policy CMP0072" for policy details.  Use the
  cmake_policy command to set the policy and suppress this warning.

  FindOpenGL found both a legacy GL library:

    OPENGL_gl_LIBRARY: /usr/lib/x86_64-linux-gnu/libGL.so

  and GLVND libraries for OpenGL and GLX:

    OPENGL_opengl_LIBRARY: /usr/lib/x86_64-linux-gnu/libOpenGL.so
    OPENGL_glx_LIBRARY: /usr/lib/x86_64-linux-gnu/libGLX.so

  OpenGL_GL_PREFERENCE has not been set to "GLVND" or "LEGACY", so for
  compatibility with CMake 3.10 and below the legacy GL library will be used.
Call Stack (most recent call first):
  /usr/share/cmake-3.22/Modules/CMakeFindDependencyMacro.cmake:47 (find_package)
  /opt/ros/humble/lib/cmake/g2o/g2oConfig.cmake:4 (find_dependency)
  CMakeLists.txt:18 (find_package)
This warning is for project developers.  Use -Wno-dev to suppress it.
[0m
[01m[K/home/dongjae/slambook_ws/src/slam_core/src/frontend/frontend.cpp:[m[K In member function ‘[01m[Kint8_t Frontend::run(cv::Mat&)[m[K’:
[01m[K/home/dongjae/slambook_ws/src/slam_core/src/frontend/frontend.cpp:21:28:[m[K [01;31m[Kerror: [m[Kno matching function for call to ‘[01m[KFrontend::add_keyframe(std::shared_ptr<Frame>&, bool)[m[K’
   21 |         return [01;31m[Kadd_keyframe(cur_frame,true)[m[K;
      |                [01;31m[K~~~~~~~~~~~~^~~~~~~~~~~~~~~~[m[K
In file included from [01m[K/home/dongjae/slambook_ws/src/slam_core/src/frontend/frontend.cpp:1[m[K:
[01m[K/home/dongjae/slambook_ws/src/slam_core/include/slam_core/frontend.hpp:28:13:[m[K [01;36m[Knote: [m[Kcandidate: ‘[01m[Kint Frontend::add_keyframe(std::shared_ptr<Frame>&)[m[K’
   28 |         int [01;36m[Kadd_keyframe[m[K(std::shared_ptr<Frame> &cur_frame);
      |             [01;36m[K^~~~~~~~~~~~[m[K
[01m[K/home/dongjae/slambook_ws/src/slam_core/include/slam_core/frontend.hpp:28:13:[m[K [01;36m[Knote: [m[K  candidate expects 1 argument, 2 provided
gmake[2]: *** [CMakeFiles/slam_system.dir/build.make:118: CMakeFiles/slam_system.dir/src/frontend/frontend.cpp.o] Error 1
gmake[2]: *** Waiting for unfinished jobs....
gmake[1]: *** [CMakeFiles/Makefile2:137: CMakeFiles/slam_system.dir/all] Error 2
gmake: *** [Makefile:146: all] Error 2
