[0.020s] Invoking command in '/home/dongjae/slambook_ws/build/slam_core': CMAKE_PREFIX_PATH=${CMAKE_PREFIX_PATH}:/opt/ros/humble /usr/bin/cmake /home/dongjae/slambook_ws/src/slam_core -DCMAKE_INSTALL_PREFIX=/home/dongjae/slambook_ws/install/slam_core
[0.045s] -- Found ament_cmake: 1.3.12 (/opt/ros/humble/share/ament_cmake/cmake)
[0.215s] -- Found rclcpp: 16.0.15 (/opt/ros/humble/share/rclcpp/cmake)
[0.397s] -- Found rosidl_generator_c: 3.1.7 (/opt/ros/humble/share/rosidl_generator_c/cmake)
[0.402s] -- Found rosidl_adapter: 3.1.7 (/opt/ros/humble/share/rosidl_adapter/cmake)
[0.415s] -- Found rosidl_generator_cpp: 3.1.7 (/opt/ros/humble/share/rosidl_generator_cpp/cmake)
[0.432s] -- Using all available rosidl_typesupport_c: rosidl_typesupport_fastrtps_c;rosidl_typesupport_introspection_c
[0.452s] -- Using all available rosidl_typesupport_cpp: rosidl_typesupport_fastrtps_cpp;rosidl_typesupport_introspection_cpp
[0.500s] -- Found rmw_implementation_cmake: 6.1.2 (/opt/ros/humble/share/rmw_implementation_cmake/cmake)
[0.504s] -- Found rmw_fastrtps_cpp: 6.2.8 (/opt/ros/humble/share/rmw_fastrtps_cpp/cmake)
[5.024s] -- Using RMW implementation 'rmw_fastrtps_cpp' as default
[5.100s] -- Found cv_bridge: 3.2.1 (/opt/ros/humble/share/cv_bridge/cmake)
[5.140s] -- Found required Ceres dependency: Eigen version 3.4.0 in /usr/include/eigen3
[5.144s] -- Found required Ceres dependency: glog
[5.144s] -- Found required Ceres dependency: gflags
[5.145s] -- Found Ceres version: 2.0.0 installed in: /usr with components: [EigenSparse, SparseLinearAlgebraLibrary, LAPACK, SuiteSparse, CXSparse, SchurSpecializations, Multithreading]
[5.147s] -- Found nav_msgs: 4.9.0 (/opt/ros/humble/share/nav_msgs/cmake)
[5.193s] [33mCMake Warning (dev) at /usr/share/cmake-3.22/Modules/FindOpenGL.cmake:315 (message):
[5.193s]   Policy CMP0072 is not set: FindOpenGL prefers GLVND by default when
[5.193s]   available.  Run "cmake --help-policy CMP0072" for policy details.  Use the
[5.193s]   cmake_policy command to set the policy and suppress this warning.
[5.193s] 
[5.193s]   FindOpenGL found both a legacy GL library:
[5.193s] 
[5.193s]     OPENGL_gl_LIBRARY: /usr/lib/x86_64-linux-gnu/libGL.so
[5.193s] 
[5.193s]   and GLVND libraries for OpenGL and GLX:
[5.193s] 
[5.193s]     OPENGL_opengl_LIBRARY: /usr/lib/x86_64-linux-gnu/libOpenGL.so
[5.193s]     OPENGL_glx_LIBRARY: /usr/lib/x86_64-linux-gnu/libGLX.so
[5.193s] 
[5.193s]   OpenGL_GL_PREFERENCE has not been set to "GLVND" or "LEGACY", so for
[5.193s]   compatibility with CMake 3.10 and below the legacy GL library will be used.
[5.193s] Call Stack (most recent call first):
[5.193s]   /usr/share/cmake-3.22/Modules/CMakeFindDependencyMacro.cmake:47 (find_package)
[5.193s]   /opt/ros/humble/lib/cmake/g2o/g2oConfig.cmake:4 (find_dependency)
[5.193s]   CMakeLists.txt:18 (find_package)
[5.193s] This warning is for project developers.  Use -Wno-dev to suppress it.
[5.193s] [0m
[5.199s] -- Found ament_lint_auto: 0.12.14 (/opt/ros/humble/share/ament_lint_auto/cmake)
[5.263s] -- Added test 'cppcheck' to perform static code analysis on C / C++ code
[5.263s] -- Configured cppcheck include dirs: $<BUILD_INTERFACE:/home/dongjae/slambook_ws/src/slam_core/include>
[5.263s] -- Configured cppcheck exclude dirs and/or files: 
[5.264s] -- Added test 'lint_cmake' to check CMake code style
[5.266s] -- Added test 'uncrustify' to check C / C++ code style
[5.266s] -- Configured uncrustify additional arguments: 
[5.266s] -- Added test 'xmllint' to check XML markup files
[5.268s] -- Configuring done
[5.292s] -- Generating done
[5.299s] -- Build files have been written to: /home/dongjae/slambook_ws/build/slam_core
[5.311s] Invoked command in '/home/dongjae/slambook_ws/build/slam_core' returned '0': CMAKE_PREFIX_PATH=${CMAKE_PREFIX_PATH}:/opt/ros/humble /usr/bin/cmake /home/dongjae/slambook_ws/src/slam_core -DCMAKE_INSTALL_PREFIX=/home/dongjae/slambook_ws/install/slam_core
[5.312s] Invoking command in '/home/dongjae/slambook_ws/build/slam_core': CMAKE_PREFIX_PATH=${CMAKE_PREFIX_PATH}:/opt/ros/humble /usr/bin/cmake --build /home/dongjae/slambook_ws/build/slam_core -- -j16 -l16
[5.343s] [35m[1mConsolidate compiler generated dependencies of target slam_system[0m
[5.363s] [ 40%] [32mBuilding CXX object CMakeFiles/slam_system.dir/src/frontend/frontend.cpp.o[0m
[5.363s] [ 40%] [32mBuilding CXX object CMakeFiles/slam_system.dir/src/slam_system.cpp.o[0m
[9.686s] [01m[K/home/dongjae/slambook_ws/src/slam_core/src/frontend/frontend.cpp:[m[K In member function ‘[01m[Kint8_t Frontend::run(cv::Mat&)[m[K’:
[9.686s] [01m[K/home/dongjae/slambook_ws/src/slam_core/src/frontend/frontend.cpp:21:28:[m[K [01;31m[Kerror: [m[Kno matching function for call to ‘[01m[KFrontend::add_keyframe(std::shared_ptr<Frame>&, bool)[m[K’
[9.686s]    21 |         return [01;31m[Kadd_keyframe(cur_frame,true)[m[K;
[9.686s]       |                [01;31m[K~~~~~~~~~~~~^~~~~~~~~~~~~~~~[m[K
[9.686s] In file included from [01m[K/home/dongjae/slambook_ws/src/slam_core/src/frontend/frontend.cpp:1[m[K:
[9.686s] [01m[K/home/dongjae/slambook_ws/src/slam_core/include/slam_core/frontend.hpp:28:13:[m[K [01;36m[Knote: [m[Kcandidate: ‘[01m[Kint Frontend::add_keyframe(std::shared_ptr<Frame>&)[m[K’
[9.686s]    28 |         int [01;36m[Kadd_keyframe[m[K(std::shared_ptr<Frame> &cur_frame);
[9.686s]       |             [01;36m[K^~~~~~~~~~~~[m[K
[9.686s] [01m[K/home/dongjae/slambook_ws/src/slam_core/include/slam_core/frontend.hpp:28:13:[m[K [01;36m[Knote: [m[K  candidate expects 1 argument, 2 provided
[19.311s] gmake[2]: *** [CMakeFiles/slam_system.dir/build.make:118: CMakeFiles/slam_system.dir/src/frontend/frontend.cpp.o] Error 1
[19.312s] gmake[2]: *** Waiting for unfinished jobs....
[29.794s] gmake[1]: *** [CMakeFiles/Makefile2:137: CMakeFiles/slam_system.dir/all] Error 2
[29.794s] gmake: *** [Makefile:146: all] Error 2
[29.798s] Invoked command in '/home/dongjae/slambook_ws/build/slam_core' returned '2': CMAKE_PREFIX_PATH=${CMAKE_PREFIX_PATH}:/opt/ros/humble /usr/bin/cmake --build /home/dongjae/slambook_ws/build/slam_core -- -j16 -l16
