-- Found ament_cmake: 1.3.12 (/opt/ros/humble/share/ament_cmake/cmake)
-- Found rclcpp: 16.0.15 (/opt/ros/humble/share/rclcpp/cmake)
-- Found rosidl_generator_c: 3.1.7 (/opt/ros/humble/share/rosidl_generator_c/cmake)
-- Found rosidl_adapter: 3.1.7 (/opt/ros/humble/share/rosidl_adapter/cmake)
-- Found rosidl_generator_cpp: 3.1.7 (/opt/ros/humble/share/rosidl_generator_cpp/cmake)
-- Using all available rosidl_typesupport_c: rosidl_typesupport_fastrtps_c;rosidl_typesupport_introspection_c
-- Using all available rosidl_typesupport_cpp: rosidl_typesupport_fastrtps_cpp;rosidl_typesupport_introspection_cpp
-- Found rmw_implementation_cmake: 6.1.2 (/opt/ros/humble/share/rmw_implementation_cmake/cmake)
-- Found rmw_fastrtps_cpp: 6.2.8 (/opt/ros/humble/share/rmw_fastrtps_cpp/cmake)
-- Using RMW implementation 'rmw_fastrtps_cpp' as default
-- Found cv_bridge: 3.2.1 (/opt/ros/humble/share/cv_bridge/cmake)
-- Found required Ceres dependency: Eigen version 3.4.0 in /usr/include/eigen3
-- Found required Ceres dependency: glog
-- Found required Ceres dependency: gflags
-- Found Ceres version: 2.0.0 installed in: /usr with components: [EigenSparse, SparseLinearAlgebraLibrary, LAPACK, SuiteSparse, CXSparse, SchurSpecializations, Multithreading]
-- Found nav_msgs: 4.9.0 (/opt/ros/humble/share/nav_msgs/cmake)
-- Found visualization_msgs: 4.9.0 (/opt/ros/humble/share/visualization_msgs/cmake)
[33mCMake Warning (dev) at /usr/share/cmake-3.22/Modules/FindOpenGL.cmake:315 (message):
  Policy CMP0072 is not set: FindOpenGL prefers GLVND by default when
  available.  Run "cmake --help-policy CMP0072" for policy details.  Use the
  cmake_policy command to set the policy and suppress this warning.

  FindOpenGL found both a legacy GL library:

    OPENGL_gl_LIBRARY: /usr/lib/x86_64-linux-gnu/libGL.so

  and GLVND libraries for OpenGL and GLX:

    OPENGL_opengl_LIBRARY: /usr/lib/x86_64-linux-gnu/libOpenGL.so
    OPENGL_glx_LIBRARY: /usr/lib/x86_64-linux-gnu/libGLX.so

  OpenGL_GL_PREFERENCE has not been set to "GLVND" or "LEGACY", so for
  compatibility with CMake 3.10 and below the legacy GL library will be used.
Call Stack (most recent call first):
  /usr/share/cmake-3.22/Modules/CMakeFindDependencyMacro.cmake:47 (find_package)
  /opt/ros/humble/lib/cmake/g2o/g2oConfig.cmake:4 (find_dependency)
  CMakeLists.txt:17 (find_package)
This warning is for project developers.  Use -Wno-dev to suppress it.
[0m
-- Found ament_lint_auto: 0.12.14 (/opt/ros/humble/share/ament_lint_auto/cmake)
-- Added test 'cppcheck' to perform static code analysis on C / C++ code
-- Configured cppcheck include dirs: $<BUILD_INTERFACE:/home/dongjae/slambook_ws/src/slam_core/include>
-- Configured cppcheck exclude dirs and/or files: 
-- Added test 'lint_cmake' to check CMake code style
-- Added test 'uncrustify' to check C / C++ code style
-- Configured uncrustify additional arguments: 
-- Added test 'xmllint' to check XML markup files
-- Configuring done
-- Generating done
-- Build files have been written to: /home/dongjae/slambook_ws/build/slam_core
[35m[1mConsolidate compiler generated dependencies of target slam_system[0m
[ 20%] [32m[1mLinking CXX executable slam_system[0m
/usr/bin/ld: CMakeFiles/slam_system.dir/src/frontend/visual_odometry.cpp.o: warning: relocation against `_ZTIN3g2o10HyperGraph4EdgeE' in read-only section `.text'
/usr/bin/ld: CMakeFiles/slam_system.dir/src/frontend/visual_odometry.cpp.o: in function `VisualOdometry::PnPcompute_g2o(std::vector<Eigen::Matrix<double, 3, 1, 0, 3, 1>, Eigen::aligned_allocator<Eigen::Matrix<double, 3, 1, 0, 3, 1> > > const&, std::vector<Eigen::Matrix<double, 2, 1, 0, 2, 1>, Eigen::aligned_allocator<Eigen::Matrix<double, 2, 1, 0, 2, 1> > > const&, Frame&)':
visual_odometry.cpp:(.text+0x36b8): undefined reference to `g2o::OptimizationAlgorithmGaussNewton::OptimizationAlgorithmGaussNewton(std::unique_ptr<g2o::Solver, std::default_delete<g2o::Solver> >)'
/usr/bin/ld: visual_odometry.cpp:(.text+0x36fb): undefined reference to `g2o::SparseOptimizer::SparseOptimizer()'
/usr/bin/ld: visual_odometry.cpp:(.text+0x3714): undefined reference to `g2o::SparseOptimizer::setAlgorithm(g2o::OptimizationAlgorithm*)'
/usr/bin/ld: visual_odometry.cpp:(.text+0x3728): undefined reference to `g2o::SparseOptimizer::setVerbose(bool)'
/usr/bin/ld: visual_odometry.cpp:(.text+0x3897): undefined reference to `g2o::HyperGraph::Edge::setId(int)'
/usr/bin/ld: visual_odometry.cpp:(.text+0x398a): undefined reference to `g2o::OptimizableGraph::Edge::setRobustKernel(g2o::RobustKernel*)'
/usr/bin/ld: visual_odometry.cpp:(.text+0x39a3): undefined reference to `g2o::OptimizableGraph::addEdge(g2o::OptimizableGraph::Edge*)'
/usr/bin/ld: visual_odometry.cpp:(.text+0x39e7): undefined reference to `g2o::SparseOptimizer::setVerbose(bool)'
/usr/bin/ld: visual_odometry.cpp:(.text+0x39fb): undefined reference to `g2o::SparseOptimizer::initializeOptimization(int)'
/usr/bin/ld: visual_odometry.cpp:(.text+0x3a14): undefined reference to `g2o::SparseOptimizer::optimize(int, bool)'
/usr/bin/ld: visual_odometry.cpp:(.text+0x3b31): undefined reference to `typeinfo for g2o::HyperGraph::Edge'
/usr/bin/ld: visual_odometry.cpp:(.text+0x3bf3): undefined reference to `g2o::SparseOptimizer::~SparseOptimizer()'
/usr/bin/ld: visual_odometry.cpp:(.text+0x3ccf): undefined reference to `g2o::SparseOptimizer::~SparseOptimizer()'
/usr/bin/ld: CMakeFiles/slam_system.dir/src/frontend/visual_odometry.cpp.o: in function `g2o::OptimizableGraph::addVertex(g2o::OptimizableGraph::Vertex*)':
visual_odometry.cpp:(.text._ZN3g2o16OptimizableGraph9addVertexEPNS0_6VertexE[_ZN3g2o16OptimizableGraph9addVertexEPNS0_6VertexE]+0x28): undefined reference to `g2o::OptimizableGraph::addVertex(g2o::OptimizableGraph::Vertex*, g2o::HyperGraph::Data*)'
/usr/bin/ld: CMakeFiles/slam_system.dir/src/frontend/visual_odometry.cpp.o: in function `g2o::G2OBatchStatistics::globalStats()':
visual_odometry.cpp:(.text._ZN3g2o18G2OBatchStatistics11globalStatsEv[_ZN3g2o18G2OBatchStatistics11globalStatsEv]+0xb): undefined reference to `g2o::G2OBatchStatistics::_globalStats'
/usr/bin/ld: CMakeFiles/slam_system.dir/src/frontend/visual_odometry.cpp.o: in function `g2o::BlockSolverBase::~BlockSolverBase()':
visual_odometry.cpp:(.text._ZN3g2o15BlockSolverBaseD2Ev[_ZN3g2o15BlockSolverBaseD5Ev]+0x26): undefined reference to `g2o::Solver::~Solver()'
/usr/bin/ld: CMakeFiles/slam_system.dir/src/frontend/visual_odometry.cpp.o: in function `g2o::BaseVertex<6, Sophus::SE3<double, 0> >::~BaseVertex()':
visual_odometry.cpp:(.text._ZN3g2o10BaseVertexILi6EN6Sophus3SE3IdLi0EEEED2Ev[_ZN3g2o10BaseVertexILi6EN6Sophus3SE3IdLi0EEEED5Ev]+0x47): undefined reference to `g2o::OptimizableGraph::Vertex::~Vertex()'
/usr/bin/ld: CMakeFiles/slam_system.dir/src/frontend/visual_odometry.cpp.o: in function `g2o::RobustKernelHuber::RobustKernelHuber()':
visual_odometry.cpp:(.text._ZN3g2o17RobustKernelHuberC2Ev[_ZN3g2o17RobustKernelHuberC5Ev]+0x18): undefined reference to `g2o::RobustKernel::RobustKernel()'
/usr/bin/ld: visual_odometry.cpp:(.text._ZN3g2o17RobustKernelHuberC2Ev[_ZN3g2o17RobustKernelHuberC5Ev]+0x1f): undefined reference to `vtable for g2o::RobustKernelHuber'
/usr/bin/ld: CMakeFiles/slam_system.dir/src/frontend/visual_odometry.cpp.o: in function `g2o::BaseEdge<2, Eigen::Matrix<double, 2, 1, 0, 2, 1> >::~BaseEdge()':
visual_odometry.cpp:(.text._ZN3g2o8BaseEdgeILi2EN5Eigen6MatrixIdLi2ELi1ELi0ELi2ELi1EEEED2Ev[_ZN3g2o8BaseEdgeILi2EN5Eigen6MatrixIdLi2ELi1ELi0ELi2ELi1EEEED5Ev]+0x35): undefined reference to `g2o::OptimizableGraph::Edge::~Edge()'
/usr/bin/ld: CMakeFiles/slam_system.dir/src/frontend/visual_odometry.cpp.o: in function `g2o::BaseVertex<6, Sophus::SE3<double, 0> >::BaseVertex()':
visual_odometry.cpp:(.text._ZN3g2o10BaseVertexILi6EN6Sophus3SE3IdLi0EEEEC2Ev[_ZN3g2o10BaseVertexILi6EN6Sophus3SE3IdLi0EEEEC5Ev]+0x28): undefined reference to `g2o::OptimizableGraph::Vertex::Vertex()'
/usr/bin/ld: visual_odometry.cpp:(.text._ZN3g2o10BaseVertexILi6EN6Sophus3SE3IdLi0EEEEC2Ev[_ZN3g2o10BaseVertexILi6EN6Sophus3SE3IdLi0EEEEC5Ev]+0xe0): undefined reference to `g2o::OptimizableGraph::Vertex::~Vertex()'
/usr/bin/ld: CMakeFiles/slam_system.dir/src/frontend/visual_odometry.cpp.o: in function `g2o::BlockSolverBase::BlockSolverBase()':
visual_odometry.cpp:(.text._ZN3g2o15BlockSolverBaseC2Ev[_ZN3g2o15BlockSolverBaseC5Ev]+0x18): undefined reference to `g2o::Solver::Solver()'
/usr/bin/ld: CMakeFiles/slam_system.dir/src/frontend/visual_odometry.cpp.o: in function `g2o::BaseEdge<2, Eigen::Matrix<double, 2, 1, 0, 2, 1> >::BaseEdge()':
visual_odometry.cpp:(.text._ZN3g2o8BaseEdgeILi2EN5Eigen6MatrixIdLi2ELi1ELi0ELi2ELi1EEEEC2Ev[_ZN3g2o8BaseEdgeILi2EN5Eigen6MatrixIdLi2ELi1ELi0ELi2ELi1EEEEC5Ev]+0x19): undefined reference to `g2o::OptimizableGraph::Edge::Edge()'
/usr/bin/ld: visual_odometry.cpp:(.text._ZN3g2o8BaseEdgeILi2EN5Eigen6MatrixIdLi2ELi1ELi0ELi2ELi1EEEEC2Ev[_ZN3g2o8BaseEdgeILi2EN5Eigen6MatrixIdLi2ELi1ELi0ELi2ELi1EEEEC5Ev]+0x8c): undefined reference to `g2o::OptimizableGraph::Edge::~Edge()'
/usr/bin/ld: CMakeFiles/slam_system.dir/src/frontend/visual_odometry.cpp.o:(.data.rel.ro._ZTV14EdgeProjection[_ZTV14EdgeProjection]+0x40): undefined reference to `g2o::OptimizableGraph::Edge::setMeasurementData(double const*)'
/usr/bin/ld: CMakeFiles/slam_system.dir/src/frontend/visual_odometry.cpp.o:(.data.rel.ro._ZTV14EdgeProjection[_ZTV14EdgeProjection]+0x48): undefined reference to `g2o::OptimizableGraph::Edge::getMeasurementData(double*) const'
/usr/bin/ld: CMakeFiles/slam_system.dir/src/frontend/visual_odometry.cpp.o:(.data.rel.ro._ZTV14EdgeProjection[_ZTV14EdgeProjection]+0x50): undefined reference to `g2o::OptimizableGraph::Edge::measurementDimension() const'
/usr/bin/ld: CMakeFiles/slam_system.dir/src/frontend/visual_odometry.cpp.o:(.data.rel.ro._ZTV14EdgeProjection[_ZTV14EdgeProjection]+0x58): undefined reference to `g2o::OptimizableGraph::Edge::setMeasurementFromState()'
/usr/bin/ld: CMakeFiles/slam_system.dir/src/frontend/visual_odometry.cpp.o:(.data.rel.ro._ZTV14EdgeProjection[_ZTV14EdgeProjection]+0xd8): undefined reference to `g2o::OptimizableGraph::Edge::resolveCaches()'
/usr/bin/ld: CMakeFiles/slam_system.dir/src/frontend/visual_odometry.cpp.o:(.data.rel.ro._ZTVN3g2o13BaseUnaryEdgeILi2EN5Eigen6MatrixIdLi2ELi1ELi0ELi2ELi1EEE10VertexPoseEE[_ZTVN3g2o13BaseUnaryEdgeILi2EN5Eigen6MatrixIdLi2ELi1ELi0ELi2ELi1EEE10VertexPoseEE]+0x40): undefined reference to `g2o::OptimizableGraph::Edge::setMeasurementData(double const*)'
/usr/bin/ld: CMakeFiles/slam_system.dir/src/frontend/visual_odometry.cpp.o:(.data.rel.ro._ZTVN3g2o13BaseUnaryEdgeILi2EN5Eigen6MatrixIdLi2ELi1ELi0ELi2ELi1EEE10VertexPoseEE[_ZTVN3g2o13BaseUnaryEdgeILi2EN5Eigen6MatrixIdLi2ELi1ELi0ELi2ELi1EEE10VertexPoseEE]+0x48): undefined reference to `g2o::OptimizableGraph::Edge::getMeasurementData(double*) const'
/usr/bin/ld: CMakeFiles/slam_system.dir/src/frontend/visual_odometry.cpp.o:(.data.rel.ro._ZTVN3g2o13BaseUnaryEdgeILi2EN5Eigen6MatrixIdLi2ELi1ELi0ELi2ELi1EEE10VertexPoseEE[_ZTVN3g2o13BaseUnaryEdgeILi2EN5Eigen6MatrixIdLi2ELi1ELi0ELi2ELi1EEE10VertexPoseEE]+0x50): undefined reference to `g2o::OptimizableGraph::Edge::measurementDimension() const'
/usr/bin/ld: CMakeFiles/slam_system.dir/src/frontend/visual_odometry.cpp.o:(.data.rel.ro._ZTVN3g2o13BaseUnaryEdgeILi2EN5Eigen6MatrixIdLi2ELi1ELi0ELi2ELi1EEE10VertexPoseEE[_ZTVN3g2o13BaseUnaryEdgeILi2EN5Eigen6MatrixIdLi2ELi1ELi0ELi2ELi1EEE10VertexPoseEE]+0x58): undefined reference to `g2o::OptimizableGraph::Edge::setMeasurementFromState()'
/usr/bin/ld: CMakeFiles/slam_system.dir/src/frontend/visual_odometry.cpp.o:(.data.rel.ro._ZTVN3g2o13BaseUnaryEdgeILi2EN5Eigen6MatrixIdLi2ELi1ELi0ELi2ELi1EEE10VertexPoseEE[_ZTVN3g2o13BaseUnaryEdgeILi2EN5Eigen6MatrixIdLi2ELi1ELi0ELi2ELi1EEE10VertexPoseEE]+0xd8): undefined reference to `g2o::OptimizableGraph::Edge::resolveCaches()'
/usr/bin/ld: CMakeFiles/slam_system.dir/src/frontend/visual_odometry.cpp.o:(.data.rel.ro._ZTVN3g2o18BaseFixedSizedEdgeILi2EN5Eigen6MatrixIdLi2ELi1ELi0ELi2ELi1EEEJ10VertexPoseEEE[_ZTVN3g2o18BaseFixedSizedEdgeILi2EN5Eigen6MatrixIdLi2ELi1ELi0ELi2ELi1EEEJ10VertexPoseEEE]+0x40): undefined reference to `g2o::OptimizableGraph::Edge::setMeasurementData(double const*)'
/usr/bin/ld: CMakeFiles/slam_system.dir/src/frontend/visual_odometry.cpp.o:(.data.rel.ro._ZTVN3g2o18BaseFixedSizedEdgeILi2EN5Eigen6MatrixIdLi2ELi1ELi0ELi2ELi1EEEJ10VertexPoseEEE[_ZTVN3g2o18BaseFixedSizedEdgeILi2EN5Eigen6MatrixIdLi2ELi1ELi0ELi2ELi1EEEJ10VertexPoseEEE]+0x48): undefined reference to `g2o::OptimizableGraph::Edge::getMeasurementData(double*) const'
/usr/bin/ld: CMakeFiles/slam_system.dir/src/frontend/visual_odometry.cpp.o:(.data.rel.ro._ZTVN3g2o18BaseFixedSizedEdgeILi2EN5Eigen6MatrixIdLi2ELi1ELi0ELi2ELi1EEEJ10VertexPoseEEE[_ZTVN3g2o18BaseFixedSizedEdgeILi2EN5Eigen6MatrixIdLi2ELi1ELi0ELi2ELi1EEEJ10VertexPoseEEE]+0x50): undefined reference to `g2o::OptimizableGraph::Edge::measurementDimension() const'
/usr/bin/ld: CMakeFiles/slam_system.dir/src/frontend/visual_odometry.cpp.o:(.data.rel.ro._ZTVN3g2o18BaseFixedSizedEdgeILi2EN5Eigen6MatrixIdLi2ELi1ELi0ELi2ELi1EEEJ10VertexPoseEEE[_ZTVN3g2o18BaseFixedSizedEdgeILi2EN5Eigen6MatrixIdLi2ELi1ELi0ELi2ELi1EEEJ10VertexPoseEEE]+0x58): undefined reference to `g2o::OptimizableGraph::Edge::setMeasurementFromState()'
/usr/bin/ld: CMakeFiles/slam_system.dir/src/frontend/visual_odometry.cpp.o:(.data.rel.ro._ZTVN3g2o18BaseFixedSizedEdgeILi2EN5Eigen6MatrixIdLi2ELi1ELi0ELi2ELi1EEEJ10VertexPoseEEE[_ZTVN3g2o18BaseFixedSizedEdgeILi2EN5Eigen6MatrixIdLi2ELi1ELi0ELi2ELi1EEEJ10VertexPoseEEE]+0xd8): undefined reference to `g2o::OptimizableGraph::Edge::resolveCaches()'
/usr/bin/ld: CMakeFiles/slam_system.dir/src/frontend/visual_odometry.cpp.o:(.data.rel.ro._ZTV10VertexPose[_ZTV10VertexPose]+0x88): undefined reference to `g2o::OptimizableGraph::Vertex::getEstimateData(double*) const'
/usr/bin/ld: CMakeFiles/slam_system.dir/src/frontend/visual_odometry.cpp.o:(.data.rel.ro._ZTV10VertexPose[_ZTV10VertexPose]+0x98): undefined reference to `g2o::OptimizableGraph::Vertex::estimateDimension() const'
/usr/bin/ld: CMakeFiles/slam_system.dir/src/frontend/visual_odometry.cpp.o:(.data.rel.ro._ZTV10VertexPose[_ZTV10VertexPose]+0xa0): undefined reference to `g2o::OptimizableGraph::Vertex::getMinimalEstimateData(double*) const'
/usr/bin/ld: CMakeFiles/slam_system.dir/src/frontend/visual_odometry.cpp.o:(.data.rel.ro._ZTV10VertexPose[_ZTV10VertexPose]+0xb0): undefined reference to `g2o::OptimizableGraph::Vertex::minimalEstimateDimension() const'
/usr/bin/ld: CMakeFiles/slam_system.dir/src/frontend/visual_odometry.cpp.o:(.data.rel.ro._ZTV10VertexPose[_ZTV10VertexPose]+0xe8): undefined reference to `g2o::OptimizableGraph::Vertex::updateCache()'
/usr/bin/ld: CMakeFiles/slam_system.dir/src/frontend/visual_odometry.cpp.o:(.data.rel.ro._ZTVN3g2o10BaseVertexILi6EN6Sophus3SE3IdLi0EEEEE[_ZTVN3g2o10BaseVertexILi6EN6Sophus3SE3IdLi0EEEEE]+0x88): undefined reference to `g2o::OptimizableGraph::Vertex::getEstimateData(double*) const'
/usr/bin/ld: CMakeFiles/slam_system.dir/src/frontend/visual_odometry.cpp.o:(.data.rel.ro._ZTVN3g2o10BaseVertexILi6EN6Sophus3SE3IdLi0EEEEE[_ZTVN3g2o10BaseVertexILi6EN6Sophus3SE3IdLi0EEEEE]+0x98): undefined reference to `g2o::OptimizableGraph::Vertex::estimateDimension() const'
/usr/bin/ld: CMakeFiles/slam_system.dir/src/frontend/visual_odometry.cpp.o:(.data.rel.ro._ZTVN3g2o10BaseVertexILi6EN6Sophus3SE3IdLi0EEEEE[_ZTVN3g2o10BaseVertexILi6EN6Sophus3SE3IdLi0EEEEE]+0xa0): undefined reference to `g2o::OptimizableGraph::Vertex::getMinimalEstimateData(double*) const'
/usr/bin/ld: CMakeFiles/slam_system.dir/src/frontend/visual_odometry.cpp.o:(.data.rel.ro._ZTVN3g2o10BaseVertexILi6EN6Sophus3SE3IdLi0EEEEE[_ZTVN3g2o10BaseVertexILi6EN6Sophus3SE3IdLi0EEEEE]+0xb0): undefined reference to `g2o::OptimizableGraph::Vertex::minimalEstimateDimension() const'
/usr/bin/ld: CMakeFiles/slam_system.dir/src/frontend/visual_odometry.cpp.o:(.data.rel.ro._ZTVN3g2o10BaseVertexILi6EN6Sophus3SE3IdLi0EEEEE[_ZTVN3g2o10BaseVertexILi6EN6Sophus3SE3IdLi0EEEEE]+0xe8): undefined reference to `g2o::OptimizableGraph::Vertex::updateCache()'
/usr/bin/ld: CMakeFiles/slam_system.dir/src/frontend/visual_odometry.cpp.o:(.data.rel.ro._ZTVN3g2o8BaseEdgeILi2EN5Eigen6MatrixIdLi2ELi1ELi0ELi2ELi1EEEEE[_ZTVN3g2o8BaseEdgeILi2EN5Eigen6MatrixIdLi2ELi1ELi0ELi2ELi1EEEEE]+0x28): undefined reference to `g2o::HyperGraph::Edge::resize(unsigned long)'
/usr/bin/ld: CMakeFiles/slam_system.dir/src/frontend/visual_odometry.cpp.o:(.data.rel.ro._ZTVN3g2o8BaseEdgeILi2EN5Eigen6MatrixIdLi2ELi1ELi0ELi2ELi1EEEEE[_ZTVN3g2o8BaseEdgeILi2EN5Eigen6MatrixIdLi2ELi1ELi0ELi2ELi1EEEEE]+0x40): undefined reference to `g2o::OptimizableGraph::Edge::setMeasurementData(double const*)'
/usr/bin/ld: CMakeFiles/slam_system.dir/src/frontend/visual_odometry.cpp.o:(.data.rel.ro._ZTVN3g2o8BaseEdgeILi2EN5Eigen6MatrixIdLi2ELi1ELi0ELi2ELi1EEEEE[_ZTVN3g2o8BaseEdgeILi2EN5Eigen6MatrixIdLi2ELi1ELi0ELi2ELi1EEEEE]+0x48): undefined reference to `g2o::OptimizableGraph::Edge::getMeasurementData(double*) const'
/usr/bin/ld: CMakeFiles/slam_system.dir/src/frontend/visual_odometry.cpp.o:(.data.rel.ro._ZTVN3g2o8BaseEdgeILi2EN5Eigen6MatrixIdLi2ELi1ELi0ELi2ELi1EEEEE[_ZTVN3g2o8BaseEdgeILi2EN5Eigen6MatrixIdLi2ELi1ELi0ELi2ELi1EEEEE]+0x50): undefined reference to `g2o::OptimizableGraph::Edge::measurementDimension() const'
/usr/bin/ld: CMakeFiles/slam_system.dir/src/frontend/visual_odometry.cpp.o:(.data.rel.ro._ZTVN3g2o8BaseEdgeILi2EN5Eigen6MatrixIdLi2ELi1ELi0ELi2ELi1EEEEE[_ZTVN3g2o8BaseEdgeILi2EN5Eigen6MatrixIdLi2ELi1ELi0ELi2ELi1EEEEE]+0x58): undefined reference to `g2o::OptimizableGraph::Edge::setMeasurementFromState()'
/usr/bin/ld: CMakeFiles/slam_system.dir/src/frontend/visual_odometry.cpp.o:(.data.rel.ro._ZTVN3g2o8BaseEdgeILi2EN5Eigen6MatrixIdLi2ELi1ELi0ELi2ELi1EEEEE[_ZTVN3g2o8BaseEdgeILi2EN5Eigen6MatrixIdLi2ELi1ELi0ELi2ELi1EEEEE]+0xd8): undefined reference to `g2o::OptimizableGraph::Edge::resolveCaches()'
/usr/bin/ld: CMakeFiles/slam_system.dir/src/frontend/visual_odometry.cpp.o:(.data.rel.ro._ZTIN3g2o10BaseVertexILi6EN6Sophus3SE3IdLi0EEEEE[_ZTIN3g2o10BaseVertexILi6EN6Sophus3SE3IdLi0EEEEE]+0x10): undefined reference to `typeinfo for g2o::OptimizableGraph::Vertex'
/usr/bin/ld: CMakeFiles/slam_system.dir/src/frontend/visual_odometry.cpp.o:(.data.rel.ro._ZTIN3g2o15BlockSolverBaseE[_ZTIN3g2o15BlockSolverBaseE]+0x10): undefined reference to `typeinfo for g2o::Solver'
/usr/bin/ld: CMakeFiles/slam_system.dir/src/frontend/visual_odometry.cpp.o:(.data.rel.ro._ZTIN3g2o8BaseEdgeILi2EN5Eigen6MatrixIdLi2ELi1ELi0ELi2ELi1EEEEE[_ZTIN3g2o8BaseEdgeILi2EN5Eigen6MatrixIdLi2ELi1ELi0ELi2ELi1EEEEE]+0x10): undefined reference to `typeinfo for g2o::OptimizableGraph::Edge'
/usr/bin/ld: CMakeFiles/slam_system.dir/src/frontend/visual_odometry.cpp.o: in function `g2o::LinearSolverEigen<Eigen::Matrix<double, 6, 6, 0, 6, 6> >::solve(g2o::SparseBlockMatrix<Eigen::Matrix<double, 6, 6, 0, 6, 6> > const&, double*, double*)':
visual_odometry.cpp:(.text._ZN3g2o17LinearSolverEigenIN5Eigen6MatrixIdLi6ELi6ELi0ELi6ELi6EEEE5solveERKNS_17SparseBlockMatrixIS3_EEPdS9_[_ZN3g2o17LinearSolverEigenIN5Eigen6MatrixIdLi6ELi6ELi0ELi6ELi6EEEE5solveERKNS_17SparseBlockMatrixIS3_EEPdS9_]+0x11e): undefined reference to `g2o::get_monotonic_time()'
/usr/bin/ld: CMakeFiles/slam_system.dir/src/frontend/visual_odometry.cpp.o: in function `g2o::LinearSolverCCS<Eigen::Matrix<double, 6, 6, 0, 6, 6> >::solveBlocks(double**&, g2o::SparseBlockMatrix<Eigen::Matrix<double, 6, 6, 0, 6, 6> > const&)::{lambda(g2o::MarginalCovarianceCholesky&)#1}::operator()(g2o::MarginalCovarianceCholesky&) const':
visual_odometry.cpp:(.text._ZZN3g2o15LinearSolverCCSIN5Eigen6MatrixIdLi6ELi6ELi0ELi6ELi6EEEE11solveBlocksERPPdRKNS_17SparseBlockMatrixIS3_EEENKUlRNS_26MarginalCovarianceCholeskyEE_clESD_[_ZZN3g2o15LinearSolverCCSIN5Eigen6MatrixIdLi6ELi6ELi0ELi6ELi6EEEE11solveBlocksERPPdRKNS_17SparseBlockMatrixIS3_EEENKUlRNS_26MarginalCovarianceCholeskyEE_clESD_]+0x65): undefined reference to `g2o::MarginalCovarianceCholesky::computeCovariance(double**, std::vector<int, std::allocator<int> > const&)'
/usr/bin/ld: CMakeFiles/slam_system.dir/src/frontend/visual_odometry.cpp.o: in function `g2o::LinearSolverCCS<Eigen::Matrix<double, 6, 6, 0, 6, 6> >::solvePattern(g2o::SparseBlockMatrix<Eigen::Matrix<double, -1, -1, 0, -1, -1> >&, std::vector<std::pair<int, int>, std::allocator<std::pair<int, int> > > const&, g2o::SparseBlockMatrix<Eigen::Matrix<double, 6, 6, 0, 6, 6> > const&)::{lambda(g2o::MarginalCovarianceCholesky&)#1}::operator()(g2o::MarginalCovarianceCholesky&) const':
visual_odometry.cpp:(.text._ZZN3g2o15LinearSolverCCSIN5Eigen6MatrixIdLi6ELi6ELi0ELi6ELi6EEEE12solvePatternERNS_17SparseBlockMatrixINS2_IdLin1ELin1ELi0ELin1ELin1EEEEERKSt6vectorISt4pairIiiESaISB_EERKNS5_IS3_EEENKUlRNS_26MarginalCovarianceCholeskyEE_clESK_[_ZZN3g2o15LinearSolverCCSIN5Eigen6MatrixIdLi6ELi6ELi0ELi6ELi6EEEE12solvePatternERNS_17SparseBlockMatrixINS2_IdLin1ELin1ELi0ELin1ELin1EEEEERKSt6vectorISt4pairIiiESaISB_EERKNS5_IS3_EEENKUlRNS_26MarginalCovarianceCholeskyEE_clESK_]+0x42): undefined reference to `g2o::MarginalCovarianceCholesky::computeCovariance(g2o::SparseBlockMatrix<Eigen::Matrix<double, -1, -1, 0, -1, -1> >&, std::vector<int, std::allocator<int> > const&, std::vector<std::pair<int, int>, std::allocator<std::pair<int, int> > > const&)'
/usr/bin/ld: CMakeFiles/slam_system.dir/src/frontend/visual_odometry.cpp.o: in function `g2o::LinearSolverEigen<Eigen::Matrix<double, 6, 6, 0, 6, 6> >::solveBlocks_impl(g2o::SparseBlockMatrix<Eigen::Matrix<double, 6, 6, 0, 6, 6> > const&, std::function<void (g2o::MarginalCovarianceCholesky&)>)':
visual_odometry.cpp:(.text._ZN3g2o17LinearSolverEigenIN5Eigen6MatrixIdLi6ELi6ELi0ELi6ELi6EEEE16solveBlocks_implERKNS_17SparseBlockMatrixIS3_EESt8functionIFvRNS_26MarginalCovarianceCholeskyEEE[_ZN3g2o17LinearSolverEigenIN5Eigen6MatrixIdLi6ELi6ELi0ELi6ELi6EEEE16solveBlocks_implERKNS_17SparseBlockMatrixIS3_EESt8functionIFvRNS_26MarginalCovarianceCholeskyEEE]+0x83): undefined reference to `g2o::MarginalCovarianceCholesky::MarginalCovarianceCholesky()'
/usr/bin/ld: visual_odometry.cpp:(.text._ZN3g2o17LinearSolverEigenIN5Eigen6MatrixIdLi6ELi6ELi0ELi6ELi6EEEE16solveBlocks_implERKNS_17SparseBlockMatrixIS3_EESt8functionIFvRNS_26MarginalCovarianceCholeskyEEE[_ZN3g2o17LinearSolverEigenIN5Eigen6MatrixIdLi6ELi6ELi0ELi6ELi6EEEE16solveBlocks_implERKNS_17SparseBlockMatrixIS3_EESt8functionIFvRNS_26MarginalCovarianceCholeskyEEE]+0x1b7): undefined reference to `g2o::MarginalCovarianceCholesky::setCholeskyFactor(int, int*, int*, double*, int*)'
/usr/bin/ld: visual_odometry.cpp:(.text._ZN3g2o17LinearSolverEigenIN5Eigen6MatrixIdLi6ELi6ELi0ELi6ELi6EEEE16solveBlocks_implERKNS_17SparseBlockMatrixIS3_EESt8functionIFvRNS_26MarginalCovarianceCholeskyEEE[_ZN3g2o17LinearSolverEigenIN5Eigen6MatrixIdLi6ELi6ELi0ELi6ELi6EEEE16solveBlocks_implERKNS_17SparseBlockMatrixIS3_EESt8functionIFvRNS_26MarginalCovarianceCholeskyEEE]+0x247): undefined reference to `g2o::MarginalCovarianceCholesky::~MarginalCovarianceCholesky()'
/usr/bin/ld: visual_odometry.cpp:(.text._ZN3g2o17LinearSolverEigenIN5Eigen6MatrixIdLi6ELi6ELi0ELi6ELi6EEEE16solveBlocks_implERKNS_17SparseBlockMatrixIS3_EESt8functionIFvRNS_26MarginalCovarianceCholeskyEEE[_ZN3g2o17LinearSolverEigenIN5Eigen6MatrixIdLi6ELi6ELi0ELi6ELi6EEEE16solveBlocks_implERKNS_17SparseBlockMatrixIS3_EESt8functionIFvRNS_26MarginalCovarianceCholeskyEEE]+0x270): undefined reference to `g2o::MarginalCovarianceCholesky::~MarginalCovarianceCholesky()'
/usr/bin/ld: CMakeFiles/slam_system.dir/src/frontend/visual_odometry.cpp.o: in function `g2o::BlockSolver<g2o::BlockSolverTraits<6, -1> >::updateStructure(std::vector<g2o::HyperGraph::Vertex*, std::allocator<g2o::HyperGraph::Vertex*> > const&, std::set<g2o::HyperGraph::Edge*, std::less<g2o::HyperGraph::Edge*>, std::allocator<g2o::HyperGraph::Edge*> > const&)':
visual_odometry.cpp:(.text._ZN3g2o11BlockSolverINS_17BlockSolverTraitsILi6ELin1EEEE15updateStructureERKSt6vectorIPNS_10HyperGraph6VertexESaIS7_EERKSt3setIPNS5_4EdgeESt4lessISE_ESaISE_EE[_ZN3g2o11BlockSolverINS_17BlockSolverTraitsILi6ELin1EEEE15updateStructureERKSt6vectorIPNS_10HyperGraph6VertexESaIS7_EERKSt3setIPNS5_4EdgeESt4lessISE_ESaISE_EE]+0x2db): undefined reference to `g2o::Solver::resizeVector(unsigned long)'
/usr/bin/ld: CMakeFiles/slam_system.dir/src/frontend/visual_odometry.cpp.o: in function `g2o::BlockSolver<g2o::BlockSolverTraits<6, -1> >::solve()':
visual_odometry.cpp:(.text._ZN3g2o11BlockSolverINS_17BlockSolverTraitsILi6ELin1EEEE5solveEv[_ZN3g2o11BlockSolverINS_17BlockSolverTraitsILi6ELin1EEEE5solveEv]+0x46): undefined reference to `g2o::get_monotonic_time()'
/usr/bin/ld: visual_odometry.cpp:(.text._ZN3g2o11BlockSolverINS_17BlockSolverTraitsILi6ELin1EEEE5solveEv[_ZN3g2o11BlockSolverINS_17BlockSolverTraitsILi6ELin1EEEE5solveEv]+0xcb): undefined reference to `g2o::get_monotonic_time()'
/usr/bin/ld: visual_odometry.cpp:(.text._ZN3g2o11BlockSolverINS_17BlockSolverTraitsILi6ELin1EEEE5solveEv[_ZN3g2o11BlockSolverINS_17BlockSolverTraitsILi6ELin1EEEE5solveEv]+0x142): undefined reference to `g2o::get_monotonic_time()'
/usr/bin/ld: visual_odometry.cpp:(.text._ZN3g2o11BlockSolverINS_17BlockSolverTraitsILi6ELin1EEEE5solveEv[_ZN3g2o11BlockSolverINS_17BlockSolverTraitsILi6ELin1EEEE5solveEv]+0xb3a): undefined reference to `g2o::get_monotonic_time()'
/usr/bin/ld: visual_odometry.cpp:(.text._ZN3g2o11BlockSolverINS_17BlockSolverTraitsILi6ELin1EEEE5solveEv[_ZN3g2o11BlockSolverINS_17BlockSolverTraitsILi6ELin1EEEE5solveEv]+0xb5d): undefined reference to `g2o::get_monotonic_time()'
/usr/bin/ld: CMakeFiles/slam_system.dir/src/frontend/visual_odometry.cpp.o:visual_odometry.cpp:(.text._ZN3g2o11BlockSolverINS_17BlockSolverTraitsILi6ELin1EEEE5solveEv[_ZN3g2o11BlockSolverINS_17BlockSolverTraitsILi6ELin1EEEE5solveEv]+0xbe7): more undefined references to `g2o::get_monotonic_time()' follow
/usr/bin/ld: CMakeFiles/slam_system.dir/src/frontend/visual_odometry.cpp.o: in function `g2o::BaseFixedSizedEdge<2, Eigen::Matrix<double, 2, 1, 0, 2, 1>, VertexPose>::resize(unsigned long)':
visual_odometry.cpp:(.text._ZN3g2o18BaseFixedSizedEdgeILi2EN5Eigen6MatrixIdLi2ELi1ELi0ELi2ELi1EEEJ10VertexPoseEE6resizeEm[_ZN3g2o18BaseFixedSizedEdgeILi2EN5Eigen6MatrixIdLi2ELi1ELi0ELi2ELi1EEEJ10VertexPoseEE6resizeEm]+0x52): undefined reference to `g2o::HyperGraph::Edge::resize(unsigned long)'
/usr/bin/ld: CMakeFiles/slam_system.dir/src/frontend/visual_odometry.cpp.o: in function `g2o::LinearSolverEigen<Eigen::Matrix<double, 6, 6, 0, 6, 6> >::computeCholesky(g2o::SparseBlockMatrix<Eigen::Matrix<double, 6, 6, 0, 6, 6> > const&, double&)':
visual_odometry.cpp:(.text._ZN3g2o17LinearSolverEigenIN5Eigen6MatrixIdLi6ELi6ELi0ELi6ELi6EEEE15computeCholeskyERKNS_17SparseBlockMatrixIS3_EERd[_ZN3g2o17LinearSolverEigenIN5Eigen6MatrixIdLi6ELi6ELi0ELi6ELi6EEEE15computeCholeskyERKNS_17SparseBlockMatrixIS3_EERd]+0xa3): undefined reference to `g2o::get_monotonic_time()'
/usr/bin/ld: CMakeFiles/slam_system.dir/src/frontend/visual_odometry.cpp.o: in function `g2o::BlockSolver<g2o::BlockSolverTraits<6, -1> >::resize(int*, int, int*, int, int)':
visual_odometry.cpp:(.text._ZN3g2o11BlockSolverINS_17BlockSolverTraitsILi6ELin1EEEE6resizeEPiiS4_ii[_ZN3g2o11BlockSolverINS_17BlockSolverTraitsILi6ELin1EEEE6resizeEPiiS4_ii]+0x50): undefined reference to `g2o::Solver::resizeVector(unsigned long)'
/usr/bin/ld: CMakeFiles/slam_system.dir/src/frontend/visual_odometry.cpp.o: in function `g2o::LinearSolverEigen<Eigen::Matrix<double, 6, 6, 0, 6, 6> >::computeSymbolicDecomposition(g2o::SparseBlockMatrix<Eigen::Matrix<double, 6, 6, 0, 6, 6> > const&)':
visual_odometry.cpp:(.text._ZN3g2o17LinearSolverEigenIN5Eigen6MatrixIdLi6ELi6ELi0ELi6ELi6EEEE28computeSymbolicDecompositionERKNS_17SparseBlockMatrixIS3_EE[_ZN3g2o17LinearSolverEigenIN5Eigen6MatrixIdLi6ELi6ELi0ELi6ELi6EEEE28computeSymbolicDecompositionERKNS_17SparseBlockMatrixIS3_EE]+0x2e): undefined reference to `g2o::get_monotonic_time()'
/usr/bin/ld: visual_odometry.cpp:(.text._ZN3g2o17LinearSolverEigenIN5Eigen6MatrixIdLi6ELi6ELi0ELi6ELi6EEEE28computeSymbolicDecompositionERKNS_17SparseBlockMatrixIS3_EE[_ZN3g2o17LinearSolverEigenIN5Eigen6MatrixIdLi6ELi6ELi0ELi6ELi6EEEE28computeSymbolicDecompositionERKNS_17SparseBlockMatrixIS3_EE]+0x231): undefined reference to `g2o::get_monotonic_time()'
/usr/bin/ld: warning: creating DT_TEXTREL in a PIE
collect2: error: ld returned 1 exit status
gmake[2]: *** [CMakeFiles/slam_system.dir/build.make:299: slam_system] Error 1
gmake[1]: *** [CMakeFiles/Makefile2:137: CMakeFiles/slam_system.dir/all] Error 2
gmake: *** [Makefile:146: all] Error 2
