[0.010s] Invoking command in '/home/dongjae/slambook_ws/build/slam_core': CMAKE_PREFIX_PATH=/opt/ros/humble /usr/bin/cmake --build /home/dongjae/slambook_ws/build/slam_core -- -j16 -l16
[0.038s] -- Found ament_cmake: 1.3.12 (/opt/ros/humble/share/ament_cmake/cmake)
[0.169s] -- Found rclcpp: 16.0.15 (/opt/ros/humble/share/rclcpp/cmake)
[0.351s] -- Found rosidl_generator_c: 3.1.7 (/opt/ros/humble/share/rosidl_generator_c/cmake)
[0.355s] -- Found rosidl_adapter: 3.1.7 (/opt/ros/humble/share/rosidl_adapter/cmake)
[0.364s] -- Found rosidl_generator_cpp: 3.1.7 (/opt/ros/humble/share/rosidl_generator_cpp/cmake)
[0.378s] -- Using all available rosidl_typesupport_c: rosidl_typesupport_fastrtps_c;rosidl_typesupport_introspection_c
[0.395s] -- Using all available rosidl_typesupport_cpp: rosidl_typesupport_fastrtps_cpp;rosidl_typesupport_introspection_cpp
[0.438s] -- Found rmw_implementation_cmake: 6.1.2 (/opt/ros/humble/share/rmw_implementation_cmake/cmake)
[0.441s] -- Found rmw_fastrtps_cpp: 6.2.8 (/opt/ros/humble/share/rmw_fastrtps_cpp/cmake)
[4.802s] -- Using RMW implementation 'rmw_fastrtps_cpp' as default
[4.868s] -- Found cv_bridge: 3.2.1 (/opt/ros/humble/share/cv_bridge/cmake)
[4.909s] -- Found required Ceres dependency: Eigen version 3.4.0 in /usr/include/eigen3
[4.913s] -- Found required Ceres dependency: glog
[4.914s] -- Found required Ceres dependency: gflags
[4.915s] -- Found Ceres version: 2.0.0 installed in: /usr with components: [EigenSparse, SparseLinearAlgebraLibrary, LAPACK, SuiteSparse, CXSparse, SchurSpecializations, Multithreading]
[4.917s] -- Found nav_msgs: 4.9.0 (/opt/ros/humble/share/nav_msgs/cmake)
[4.933s] -- Found visualization_msgs: 4.9.0 (/opt/ros/humble/share/visualization_msgs/cmake)
[4.983s] [33mCMake Warning (dev) at /usr/share/cmake-3.22/Modules/FindOpenGL.cmake:315 (message):
[4.983s]   Policy CMP0072 is not set: FindOpenGL prefers GLVND by default when
[4.983s]   available.  Run "cmake --help-policy CMP0072" for policy details.  Use the
[4.983s]   cmake_policy command to set the policy and suppress this warning.
[4.983s] 
[4.983s]   FindOpenGL found both a legacy GL library:
[4.983s] 
[4.983s]     OPENGL_gl_LIBRARY: /usr/lib/x86_64-linux-gnu/libGL.so
[4.983s] 
[4.983s]   and GLVND libraries for OpenGL and GLX:
[4.983s] 
[4.983s]     OPENGL_opengl_LIBRARY: /usr/lib/x86_64-linux-gnu/libOpenGL.so
[4.983s]     OPENGL_glx_LIBRARY: /usr/lib/x86_64-linux-gnu/libGLX.so
[4.983s] 
[4.983s]   OpenGL_GL_PREFERENCE has not been set to "GLVND" or "LEGACY", so for
[4.983s]   compatibility with CMake 3.10 and below the legacy GL library will be used.
[4.983s] Call Stack (most recent call first):
[4.983s]   /usr/share/cmake-3.22/Modules/CMakeFindDependencyMacro.cmake:47 (find_package)
[4.983s]   /opt/ros/humble/lib/cmake/g2o/g2oConfig.cmake:4 (find_dependency)
[4.983s]   CMakeLists.txt:17 (find_package)
[4.983s] This warning is for project developers.  Use -Wno-dev to suppress it.
[4.983s] [0m
[4.988s] -- Found ament_lint_auto: 0.12.14 (/opt/ros/humble/share/ament_lint_auto/cmake)
[5.050s] -- Added test 'cppcheck' to perform static code analysis on C / C++ code
[5.050s] -- Configured cppcheck include dirs: $<BUILD_INTERFACE:/home/dongjae/slambook_ws/src/slam_core/include>
[5.050s] -- Configured cppcheck exclude dirs and/or files: 
[5.051s] -- Added test 'lint_cmake' to check CMake code style
[5.052s] -- Added test 'uncrustify' to check C / C++ code style
[5.052s] -- Configured uncrustify additional arguments: 
[5.053s] -- Added test 'xmllint' to check XML markup files
[5.055s] -- Configuring done
[5.071s] -- Generating done
[5.075s] -- Build files have been written to: /home/dongjae/slambook_ws/build/slam_core
[5.097s] [35m[1mConsolidate compiler generated dependencies of target slam_system[0m
[5.115s] [ 20%] [32m[1mLinking CXX executable slam_system[0m
[6.144s] /usr/bin/ld: CMakeFiles/slam_system.dir/src/frontend/visual_odometry.cpp.o: warning: relocation against `_ZTIN3g2o10HyperGraph4EdgeE' in read-only section `.text'
[6.264s] /usr/bin/ld: CMakeFiles/slam_system.dir/src/frontend/visual_odometry.cpp.o: in function `VisualOdometry::PnPcompute_g2o(std::vector<Eigen::Matrix<double, 3, 1, 0, 3, 1>, Eigen::aligned_allocator<Eigen::Matrix<double, 3, 1, 0, 3, 1> > > const&, std::vector<Eigen::Matrix<double, 2, 1, 0, 2, 1>, Eigen::aligned_allocator<Eigen::Matrix<double, 2, 1, 0, 2, 1> > > const&, Frame&)':
[6.264s] visual_odometry.cpp:(.text+0x36b8): undefined reference to `g2o::OptimizationAlgorithmGaussNewton::OptimizationAlgorithmGaussNewton(std::unique_ptr<g2o::Solver, std::default_delete<g2o::Solver> >)'
[6.264s] /usr/bin/ld: visual_odometry.cpp:(.text+0x36fb): undefined reference to `g2o::SparseOptimizer::SparseOptimizer()'
[6.265s] /usr/bin/ld: visual_odometry.cpp:(.text+0x3714): undefined reference to `g2o::SparseOptimizer::setAlgorithm(g2o::OptimizationAlgorithm*)'
[6.265s] /usr/bin/ld: visual_odometry.cpp:(.text+0x3728): undefined reference to `g2o::SparseOptimizer::setVerbose(bool)'
[6.266s] /usr/bin/ld: visual_odometry.cpp:(.text+0x3897): undefined reference to `g2o::HyperGraph::Edge::setId(int)'
[6.266s] /usr/bin/ld: visual_odometry.cpp:(.text+0x398a): undefined reference to `g2o::OptimizableGraph::Edge::setRobustKernel(g2o::RobustKernel*)'
[6.266s] /usr/bin/ld: visual_odometry.cpp:(.text+0x39a3): undefined reference to `g2o::OptimizableGraph::addEdge(g2o::OptimizableGraph::Edge*)'
[6.266s] /usr/bin/ld: visual_odometry.cpp:(.text+0x39e7): undefined reference to `g2o::SparseOptimizer::setVerbose(bool)'
[6.266s] /usr/bin/ld: visual_odometry.cpp:(.text+0x39fb): undefined reference to `g2o::SparseOptimizer::initializeOptimization(int)'
[6.266s] /usr/bin/ld: visual_odometry.cpp:(.text+0x3a14): undefined reference to `g2o::SparseOptimizer::optimize(int, bool)'
[6.267s] /usr/bin/ld: visual_odometry.cpp:(.text+0x3b31): undefined reference to `typeinfo for g2o::HyperGraph::Edge'
[6.267s] /usr/bin/ld: visual_odometry.cpp:(.text+0x3bf3): undefined reference to `g2o::SparseOptimizer::~SparseOptimizer()'
[6.267s] /usr/bin/ld: visual_odometry.cpp:(.text+0x3ccf): undefined reference to `g2o::SparseOptimizer::~SparseOptimizer()'
[6.268s] /usr/bin/ld: CMakeFiles/slam_system.dir/src/frontend/visual_odometry.cpp.o: in function `g2o::OptimizableGraph::addVertex(g2o::OptimizableGraph::Vertex*)':
[6.268s] visual_odometry.cpp:(.text._ZN3g2o16OptimizableGraph9addVertexEPNS0_6VertexE[_ZN3g2o16OptimizableGraph9addVertexEPNS0_6VertexE]+0x28): undefined reference to `g2o::OptimizableGraph::addVertex(g2o::OptimizableGraph::Vertex*, g2o::HyperGraph::Data*)'
[6.268s] /usr/bin/ld: CMakeFiles/slam_system.dir/src/frontend/visual_odometry.cpp.o: in function `g2o::G2OBatchStatistics::globalStats()':
[6.269s] visual_odometry.cpp:(.text._ZN3g2o18G2OBatchStatistics11globalStatsEv[_ZN3g2o18G2OBatchStatistics11globalStatsEv]+0xb): undefined reference to `g2o::G2OBatchStatistics::_globalStats'
[6.269s] /usr/bin/ld: CMakeFiles/slam_system.dir/src/frontend/visual_odometry.cpp.o: in function `g2o::BlockSolverBase::~BlockSolverBase()':
[6.269s] visual_odometry.cpp:(.text._ZN3g2o15BlockSolverBaseD2Ev[_ZN3g2o15BlockSolverBaseD5Ev]+0x26): undefined reference to `g2o::Solver::~Solver()'
[6.269s] /usr/bin/ld: CMakeFiles/slam_system.dir/src/frontend/visual_odometry.cpp.o: in function `g2o::BaseVertex<6, Sophus::SE3<double, 0> >::~BaseVertex()':
[6.269s] visual_odometry.cpp:(.text._ZN3g2o10BaseVertexILi6EN6Sophus3SE3IdLi0EEEED2Ev[_ZN3g2o10BaseVertexILi6EN6Sophus3SE3IdLi0EEEED5Ev]+0x47): undefined reference to `g2o::OptimizableGraph::Vertex::~Vertex()'
[6.270s] /usr/bin/ld: CMakeFiles/slam_system.dir/src/frontend/visual_odometry.cpp.o: in function `g2o::RobustKernelHuber::RobustKernelHuber()':
[6.270s] visual_odometry.cpp:(.text._ZN3g2o17RobustKernelHuberC2Ev[_ZN3g2o17RobustKernelHuberC5Ev]+0x18): undefined reference to `g2o::RobustKernel::RobustKernel()'
[6.270s] /usr/bin/ld: visual_odometry.cpp:(.text._ZN3g2o17RobustKernelHuberC2Ev[_ZN3g2o17RobustKernelHuberC5Ev]+0x1f): undefined reference to `vtable for g2o::RobustKernelHuber'
[6.270s] /usr/bin/ld: CMakeFiles/slam_system.dir/src/frontend/visual_odometry.cpp.o: in function `g2o::BaseEdge<2, Eigen::Matrix<double, 2, 1, 0, 2, 1> >::~BaseEdge()':
[6.270s] visual_odometry.cpp:(.text._ZN3g2o8BaseEdgeILi2EN5Eigen6MatrixIdLi2ELi1ELi0ELi2ELi1EEEED2Ev[_ZN3g2o8BaseEdgeILi2EN5Eigen6MatrixIdLi2ELi1ELi0ELi2ELi1EEEED5Ev]+0x35): undefined reference to `g2o::OptimizableGraph::Edge::~Edge()'
[6.271s] /usr/bin/ld: CMakeFiles/slam_system.dir/src/frontend/visual_odometry.cpp.o: in function `g2o::BaseVertex<6, Sophus::SE3<double, 0> >::BaseVertex()':
[6.271s] visual_odometry.cpp:(.text._ZN3g2o10BaseVertexILi6EN6Sophus3SE3IdLi0EEEEC2Ev[_ZN3g2o10BaseVertexILi6EN6Sophus3SE3IdLi0EEEEC5Ev]+0x28): undefined reference to `g2o::OptimizableGraph::Vertex::Vertex()'
[6.272s] /usr/bin/ld: visual_odometry.cpp:(.text._ZN3g2o10BaseVertexILi6EN6Sophus3SE3IdLi0EEEEC2Ev[_ZN3g2o10BaseVertexILi6EN6Sophus3SE3IdLi0EEEEC5Ev]+0xe0): undefined reference to `g2o::OptimizableGraph::Vertex::~Vertex()'
[6.272s] /usr/bin/ld: CMakeFiles/slam_system.dir/src/frontend/visual_odometry.cpp.o: in function `g2o::BlockSolverBase::BlockSolverBase()':
[6.273s] visual_odometry.cpp:(.text._ZN3g2o15BlockSolverBaseC2Ev[_ZN3g2o15BlockSolverBaseC5Ev]+0x18): undefined reference to `g2o::Solver::Solver()'
[6.273s] /usr/bin/ld: CMakeFiles/slam_system.dir/src/frontend/visual_odometry.cpp.o: in function `g2o::BaseEdge<2, Eigen::Matrix<double, 2, 1, 0, 2, 1> >::BaseEdge()':
[6.273s] visual_odometry.cpp:(.text._ZN3g2o8BaseEdgeILi2EN5Eigen6MatrixIdLi2ELi1ELi0ELi2ELi1EEEEC2Ev[_ZN3g2o8BaseEdgeILi2EN5Eigen6MatrixIdLi2ELi1ELi0ELi2ELi1EEEEC5Ev]+0x19): undefined reference to `g2o::OptimizableGraph::Edge::Edge()'
[6.273s] /usr/bin/ld: visual_odometry.cpp:(.text._ZN3g2o8BaseEdgeILi2EN5Eigen6MatrixIdLi2ELi1ELi0ELi2ELi1EEEEC2Ev[_ZN3g2o8BaseEdgeILi2EN5Eigen6MatrixIdLi2ELi1ELi0ELi2ELi1EEEEC5Ev]+0x8c): undefined reference to `g2o::OptimizableGraph::Edge::~Edge()'
[6.276s] /usr/bin/ld: CMakeFiles/slam_system.dir/src/frontend/visual_odometry.cpp.o:(.data.rel.ro._ZTV14EdgeProjection[_ZTV14EdgeProjection]+0x40): undefined reference to `g2o::OptimizableGraph::Edge::setMeasurementData(double const*)'
[6.277s] /usr/bin/ld: CMakeFiles/slam_system.dir/src/frontend/visual_odometry.cpp.o:(.data.rel.ro._ZTV14EdgeProjection[_ZTV14EdgeProjection]+0x48): undefined reference to `g2o::OptimizableGraph::Edge::getMeasurementData(double*) const'
[6.277s] /usr/bin/ld: CMakeFiles/slam_system.dir/src/frontend/visual_odometry.cpp.o:(.data.rel.ro._ZTV14EdgeProjection[_ZTV14EdgeProjection]+0x50): undefined reference to `g2o::OptimizableGraph::Edge::measurementDimension() const'
[6.277s] /usr/bin/ld: CMakeFiles/slam_system.dir/src/frontend/visual_odometry.cpp.o:(.data.rel.ro._ZTV14EdgeProjection[_ZTV14EdgeProjection]+0x58): undefined reference to `g2o::OptimizableGraph::Edge::setMeasurementFromState()'
[6.278s] /usr/bin/ld: CMakeFiles/slam_system.dir/src/frontend/visual_odometry.cpp.o:(.data.rel.ro._ZTV14EdgeProjection[_ZTV14EdgeProjection]+0xd8): undefined reference to `g2o::OptimizableGraph::Edge::resolveCaches()'
[6.278s] /usr/bin/ld: CMakeFiles/slam_system.dir/src/frontend/visual_odometry.cpp.o:(.data.rel.ro._ZTVN3g2o13BaseUnaryEdgeILi2EN5Eigen6MatrixIdLi2ELi1ELi0ELi2ELi1EEE10VertexPoseEE[_ZTVN3g2o13BaseUnaryEdgeILi2EN5Eigen6MatrixIdLi2ELi1ELi0ELi2ELi1EEE10VertexPoseEE]+0x40): undefined reference to `g2o::OptimizableGraph::Edge::setMeasurementData(double const*)'
[6.279s] /usr/bin/ld: CMakeFiles/slam_system.dir/src/frontend/visual_odometry.cpp.o:(.data.rel.ro._ZTVN3g2o13BaseUnaryEdgeILi2EN5Eigen6MatrixIdLi2ELi1ELi0ELi2ELi1EEE10VertexPoseEE[_ZTVN3g2o13BaseUnaryEdgeILi2EN5Eigen6MatrixIdLi2ELi1ELi0ELi2ELi1EEE10VertexPoseEE]+0x48): undefined reference to `g2o::OptimizableGraph::Edge::getMeasurementData(double*) const'
[6.279s] /usr/bin/ld: CMakeFiles/slam_system.dir/src/frontend/visual_odometry.cpp.o:(.data.rel.ro._ZTVN3g2o13BaseUnaryEdgeILi2EN5Eigen6MatrixIdLi2ELi1ELi0ELi2ELi1EEE10VertexPoseEE[_ZTVN3g2o13BaseUnaryEdgeILi2EN5Eigen6MatrixIdLi2ELi1ELi0ELi2ELi1EEE10VertexPoseEE]+0x50): undefined reference to `g2o::OptimizableGraph::Edge::measurementDimension() const'
[6.279s] /usr/bin/ld: CMakeFiles/slam_system.dir/src/frontend/visual_odometry.cpp.o:(.data.rel.ro._ZTVN3g2o13BaseUnaryEdgeILi2EN5Eigen6MatrixIdLi2ELi1ELi0ELi2ELi1EEE10VertexPoseEE[_ZTVN3g2o13BaseUnaryEdgeILi2EN5Eigen6MatrixIdLi2ELi1ELi0ELi2ELi1EEE10VertexPoseEE]+0x58): undefined reference to `g2o::OptimizableGraph::Edge::setMeasurementFromState()'
[6.280s] /usr/bin/ld: CMakeFiles/slam_system.dir/src/frontend/visual_odometry.cpp.o:(.data.rel.ro._ZTVN3g2o13BaseUnaryEdgeILi2EN5Eigen6MatrixIdLi2ELi1ELi0ELi2ELi1EEE10VertexPoseEE[_ZTVN3g2o13BaseUnaryEdgeILi2EN5Eigen6MatrixIdLi2ELi1ELi0ELi2ELi1EEE10VertexPoseEE]+0xd8): undefined reference to `g2o::OptimizableGraph::Edge::resolveCaches()'
[6.280s] /usr/bin/ld: CMakeFiles/slam_system.dir/src/frontend/visual_odometry.cpp.o:(.data.rel.ro._ZTVN3g2o18BaseFixedSizedEdgeILi2EN5Eigen6MatrixIdLi2ELi1ELi0ELi2ELi1EEEJ10VertexPoseEEE[_ZTVN3g2o18BaseFixedSizedEdgeILi2EN5Eigen6MatrixIdLi2ELi1ELi0ELi2ELi1EEEJ10VertexPoseEEE]+0x40): undefined reference to `g2o::OptimizableGraph::Edge::setMeasurementData(double const*)'
[6.281s] /usr/bin/ld: CMakeFiles/slam_system.dir/src/frontend/visual_odometry.cpp.o:(.data.rel.ro._ZTVN3g2o18BaseFixedSizedEdgeILi2EN5Eigen6MatrixIdLi2ELi1ELi0ELi2ELi1EEEJ10VertexPoseEEE[_ZTVN3g2o18BaseFixedSizedEdgeILi2EN5Eigen6MatrixIdLi2ELi1ELi0ELi2ELi1EEEJ10VertexPoseEEE]+0x48): undefined reference to `g2o::OptimizableGraph::Edge::getMeasurementData(double*) const'
[6.281s] /usr/bin/ld: CMakeFiles/slam_system.dir/src/frontend/visual_odometry.cpp.o:(.data.rel.ro._ZTVN3g2o18BaseFixedSizedEdgeILi2EN5Eigen6MatrixIdLi2ELi1ELi0ELi2ELi1EEEJ10VertexPoseEEE[_ZTVN3g2o18BaseFixedSizedEdgeILi2EN5Eigen6MatrixIdLi2ELi1ELi0ELi2ELi1EEEJ10VertexPoseEEE]+0x50): undefined reference to `g2o::OptimizableGraph::Edge::measurementDimension() const'
[6.281s] /usr/bin/ld: CMakeFiles/slam_system.dir/src/frontend/visual_odometry.cpp.o:(.data.rel.ro._ZTVN3g2o18BaseFixedSizedEdgeILi2EN5Eigen6MatrixIdLi2ELi1ELi0ELi2ELi1EEEJ10VertexPoseEEE[_ZTVN3g2o18BaseFixedSizedEdgeILi2EN5Eigen6MatrixIdLi2ELi1ELi0ELi2ELi1EEEJ10VertexPoseEEE]+0x58): undefined reference to `g2o::OptimizableGraph::Edge::setMeasurementFromState()'
[6.281s] /usr/bin/ld: CMakeFiles/slam_system.dir/src/frontend/visual_odometry.cpp.o:(.data.rel.ro._ZTVN3g2o18BaseFixedSizedEdgeILi2EN5Eigen6MatrixIdLi2ELi1ELi0ELi2ELi1EEEJ10VertexPoseEEE[_ZTVN3g2o18BaseFixedSizedEdgeILi2EN5Eigen6MatrixIdLi2ELi1ELi0ELi2ELi1EEEJ10VertexPoseEEE]+0xd8): undefined reference to `g2o::OptimizableGraph::Edge::resolveCaches()'
[6.282s] /usr/bin/ld: CMakeFiles/slam_system.dir/src/frontend/visual_odometry.cpp.o:(.data.rel.ro._ZTV10VertexPose[_ZTV10VertexPose]+0x88): undefined reference to `g2o::OptimizableGraph::Vertex::getEstimateData(double*) const'
[6.282s] /usr/bin/ld: CMakeFiles/slam_system.dir/src/frontend/visual_odometry.cpp.o:(.data.rel.ro._ZTV10VertexPose[_ZTV10VertexPose]+0x98): undefined reference to `g2o::OptimizableGraph::Vertex::estimateDimension() const'
[6.282s] /usr/bin/ld: CMakeFiles/slam_system.dir/src/frontend/visual_odometry.cpp.o:(.data.rel.ro._ZTV10VertexPose[_ZTV10VertexPose]+0xa0): undefined reference to `g2o::OptimizableGraph::Vertex::getMinimalEstimateData(double*) const'
[6.283s] /usr/bin/ld: CMakeFiles/slam_system.dir/src/frontend/visual_odometry.cpp.o:(.data.rel.ro._ZTV10VertexPose[_ZTV10VertexPose]+0xb0): undefined reference to `g2o::OptimizableGraph::Vertex::minimalEstimateDimension() const'
[6.283s] /usr/bin/ld: CMakeFiles/slam_system.dir/src/frontend/visual_odometry.cpp.o:(.data.rel.ro._ZTV10VertexPose[_ZTV10VertexPose]+0xe8): undefined reference to `g2o::OptimizableGraph::Vertex::updateCache()'
[6.284s] /usr/bin/ld: CMakeFiles/slam_system.dir/src/frontend/visual_odometry.cpp.o:(.data.rel.ro._ZTVN3g2o10BaseVertexILi6EN6Sophus3SE3IdLi0EEEEE[_ZTVN3g2o10BaseVertexILi6EN6Sophus3SE3IdLi0EEEEE]+0x88): undefined reference to `g2o::OptimizableGraph::Vertex::getEstimateData(double*) const'
[6.284s] /usr/bin/ld: CMakeFiles/slam_system.dir/src/frontend/visual_odometry.cpp.o:(.data.rel.ro._ZTVN3g2o10BaseVertexILi6EN6Sophus3SE3IdLi0EEEEE[_ZTVN3g2o10BaseVertexILi6EN6Sophus3SE3IdLi0EEEEE]+0x98): undefined reference to `g2o::OptimizableGraph::Vertex::estimateDimension() const'
[6.284s] /usr/bin/ld: CMakeFiles/slam_system.dir/src/frontend/visual_odometry.cpp.o:(.data.rel.ro._ZTVN3g2o10BaseVertexILi6EN6Sophus3SE3IdLi0EEEEE[_ZTVN3g2o10BaseVertexILi6EN6Sophus3SE3IdLi0EEEEE]+0xa0): undefined reference to `g2o::OptimizableGraph::Vertex::getMinimalEstimateData(double*) const'
[6.284s] /usr/bin/ld: CMakeFiles/slam_system.dir/src/frontend/visual_odometry.cpp.o:(.data.rel.ro._ZTVN3g2o10BaseVertexILi6EN6Sophus3SE3IdLi0EEEEE[_ZTVN3g2o10BaseVertexILi6EN6Sophus3SE3IdLi0EEEEE]+0xb0): undefined reference to `g2o::OptimizableGraph::Vertex::minimalEstimateDimension() const'
[6.285s] /usr/bin/ld: CMakeFiles/slam_system.dir/src/frontend/visual_odometry.cpp.o:(.data.rel.ro._ZTVN3g2o10BaseVertexILi6EN6Sophus3SE3IdLi0EEEEE[_ZTVN3g2o10BaseVertexILi6EN6Sophus3SE3IdLi0EEEEE]+0xe8): undefined reference to `g2o::OptimizableGraph::Vertex::updateCache()'
[6.285s] /usr/bin/ld: CMakeFiles/slam_system.dir/src/frontend/visual_odometry.cpp.o:(.data.rel.ro._ZTVN3g2o8BaseEdgeILi2EN5Eigen6MatrixIdLi2ELi1ELi0ELi2ELi1EEEEE[_ZTVN3g2o8BaseEdgeILi2EN5Eigen6MatrixIdLi2ELi1ELi0ELi2ELi1EEEEE]+0x28): undefined reference to `g2o::HyperGraph::Edge::resize(unsigned long)'
[6.286s] /usr/bin/ld: CMakeFiles/slam_system.dir/src/frontend/visual_odometry.cpp.o:(.data.rel.ro._ZTVN3g2o8BaseEdgeILi2EN5Eigen6MatrixIdLi2ELi1ELi0ELi2ELi1EEEEE[_ZTVN3g2o8BaseEdgeILi2EN5Eigen6MatrixIdLi2ELi1ELi0ELi2ELi1EEEEE]+0x40): undefined reference to `g2o::OptimizableGraph::Edge::setMeasurementData(double const*)'
[6.286s] /usr/bin/ld: CMakeFiles/slam_system.dir/src/frontend/visual_odometry.cpp.o:(.data.rel.ro._ZTVN3g2o8BaseEdgeILi2EN5Eigen6MatrixIdLi2ELi1ELi0ELi2ELi1EEEEE[_ZTVN3g2o8BaseEdgeILi2EN5Eigen6MatrixIdLi2ELi1ELi0ELi2ELi1EEEEE]+0x48): undefined reference to `g2o::OptimizableGraph::Edge::getMeasurementData(double*) const'
[6.286s] /usr/bin/ld: CMakeFiles/slam_system.dir/src/frontend/visual_odometry.cpp.o:(.data.rel.ro._ZTVN3g2o8BaseEdgeILi2EN5Eigen6MatrixIdLi2ELi1ELi0ELi2ELi1EEEEE[_ZTVN3g2o8BaseEdgeILi2EN5Eigen6MatrixIdLi2ELi1ELi0ELi2ELi1EEEEE]+0x50): undefined reference to `g2o::OptimizableGraph::Edge::measurementDimension() const'
[6.287s] /usr/bin/ld: CMakeFiles/slam_system.dir/src/frontend/visual_odometry.cpp.o:(.data.rel.ro._ZTVN3g2o8BaseEdgeILi2EN5Eigen6MatrixIdLi2ELi1ELi0ELi2ELi1EEEEE[_ZTVN3g2o8BaseEdgeILi2EN5Eigen6MatrixIdLi2ELi1ELi0ELi2ELi1EEEEE]+0x58): undefined reference to `g2o::OptimizableGraph::Edge::setMeasurementFromState()'
[6.287s] /usr/bin/ld: CMakeFiles/slam_system.dir/src/frontend/visual_odometry.cpp.o:(.data.rel.ro._ZTVN3g2o8BaseEdgeILi2EN5Eigen6MatrixIdLi2ELi1ELi0ELi2ELi1EEEEE[_ZTVN3g2o8BaseEdgeILi2EN5Eigen6MatrixIdLi2ELi1ELi0ELi2ELi1EEEEE]+0xd8): undefined reference to `g2o::OptimizableGraph::Edge::resolveCaches()'
[6.288s] /usr/bin/ld: CMakeFiles/slam_system.dir/src/frontend/visual_odometry.cpp.o:(.data.rel.ro._ZTIN3g2o10BaseVertexILi6EN6Sophus3SE3IdLi0EEEEE[_ZTIN3g2o10BaseVertexILi6EN6Sophus3SE3IdLi0EEEEE]+0x10): undefined reference to `typeinfo for g2o::OptimizableGraph::Vertex'
[6.288s] /usr/bin/ld: CMakeFiles/slam_system.dir/src/frontend/visual_odometry.cpp.o:(.data.rel.ro._ZTIN3g2o15BlockSolverBaseE[_ZTIN3g2o15BlockSolverBaseE]+0x10): undefined reference to `typeinfo for g2o::Solver'
[6.289s] /usr/bin/ld: CMakeFiles/slam_system.dir/src/frontend/visual_odometry.cpp.o:(.data.rel.ro._ZTIN3g2o8BaseEdgeILi2EN5Eigen6MatrixIdLi2ELi1ELi0ELi2ELi1EEEEE[_ZTIN3g2o8BaseEdgeILi2EN5Eigen6MatrixIdLi2ELi1ELi0ELi2ELi1EEEEE]+0x10): undefined reference to `typeinfo for g2o::OptimizableGraph::Edge'
[6.289s] /usr/bin/ld: CMakeFiles/slam_system.dir/src/frontend/visual_odometry.cpp.o: in function `g2o::LinearSolverEigen<Eigen::Matrix<double, 6, 6, 0, 6, 6> >::solve(g2o::SparseBlockMatrix<Eigen::Matrix<double, 6, 6, 0, 6, 6> > const&, double*, double*)':
[6.289s] visual_odometry.cpp:(.text._ZN3g2o17LinearSolverEigenIN5Eigen6MatrixIdLi6ELi6ELi0ELi6ELi6EEEE5solveERKNS_17SparseBlockMatrixIS3_EEPdS9_[_ZN3g2o17LinearSolverEigenIN5Eigen6MatrixIdLi6ELi6ELi0ELi6ELi6EEEE5solveERKNS_17SparseBlockMatrixIS3_EEPdS9_]+0x11e): undefined reference to `g2o::get_monotonic_time()'
[6.290s] /usr/bin/ld: CMakeFiles/slam_system.dir/src/frontend/visual_odometry.cpp.o: in function `g2o::LinearSolverCCS<Eigen::Matrix<double, 6, 6, 0, 6, 6> >::solveBlocks(double**&, g2o::SparseBlockMatrix<Eigen::Matrix<double, 6, 6, 0, 6, 6> > const&)::{lambda(g2o::MarginalCovarianceCholesky&)#1}::operator()(g2o::MarginalCovarianceCholesky&) const':
[6.290s] visual_odometry.cpp:(.text._ZZN3g2o15LinearSolverCCSIN5Eigen6MatrixIdLi6ELi6ELi0ELi6ELi6EEEE11solveBlocksERPPdRKNS_17SparseBlockMatrixIS3_EEENKUlRNS_26MarginalCovarianceCholeskyEE_clESD_[_ZZN3g2o15LinearSolverCCSIN5Eigen6MatrixIdLi6ELi6ELi0ELi6ELi6EEEE11solveBlocksERPPdRKNS_17SparseBlockMatrixIS3_EEENKUlRNS_26MarginalCovarianceCholeskyEE_clESD_]+0x65): undefined reference to `g2o::MarginalCovarianceCholesky::computeCovariance(double**, std::vector<int, std::allocator<int> > const&)'
[6.290s] /usr/bin/ld: CMakeFiles/slam_system.dir/src/frontend/visual_odometry.cpp.o: in function `g2o::LinearSolverCCS<Eigen::Matrix<double, 6, 6, 0, 6, 6> >::solvePattern(g2o::SparseBlockMatrix<Eigen::Matrix<double, -1, -1, 0, -1, -1> >&, std::vector<std::pair<int, int>, std::allocator<std::pair<int, int> > > const&, g2o::SparseBlockMatrix<Eigen::Matrix<double, 6, 6, 0, 6, 6> > const&)::{lambda(g2o::MarginalCovarianceCholesky&)#1}::operator()(g2o::MarginalCovarianceCholesky&) const':
[6.290s] visual_odometry.cpp:(.text._ZZN3g2o15LinearSolverCCSIN5Eigen6MatrixIdLi6ELi6ELi0ELi6ELi6EEEE12solvePatternERNS_17SparseBlockMatrixINS2_IdLin1ELin1ELi0ELin1ELin1EEEEERKSt6vectorISt4pairIiiESaISB_EERKNS5_IS3_EEENKUlRNS_26MarginalCovarianceCholeskyEE_clESK_[_ZZN3g2o15LinearSolverCCSIN5Eigen6MatrixIdLi6ELi6ELi0ELi6ELi6EEEE12solvePatternERNS_17SparseBlockMatrixINS2_IdLin1ELin1ELi0ELin1ELin1EEEEERKSt6vectorISt4pairIiiESaISB_EERKNS5_IS3_EEENKUlRNS_26MarginalCovarianceCholeskyEE_clESK_]+0x42): undefined reference to `g2o::MarginalCovarianceCholesky::computeCovariance(g2o::SparseBlockMatrix<Eigen::Matrix<double, -1, -1, 0, -1, -1> >&, std::vector<int, std::allocator<int> > const&, std::vector<std::pair<int, int>, std::allocator<std::pair<int, int> > > const&)'
[6.290s] /usr/bin/ld: CMakeFiles/slam_system.dir/src/frontend/visual_odometry.cpp.o: in function `g2o::LinearSolverEigen<Eigen::Matrix<double, 6, 6, 0, 6, 6> >::solveBlocks_impl(g2o::SparseBlockMatrix<Eigen::Matrix<double, 6, 6, 0, 6, 6> > const&, std::function<void (g2o::MarginalCovarianceCholesky&)>)':
[6.290s] visual_odometry.cpp:(.text._ZN3g2o17LinearSolverEigenIN5Eigen6MatrixIdLi6ELi6ELi0ELi6ELi6EEEE16solveBlocks_implERKNS_17SparseBlockMatrixIS3_EESt8functionIFvRNS_26MarginalCovarianceCholeskyEEE[_ZN3g2o17LinearSolverEigenIN5Eigen6MatrixIdLi6ELi6ELi0ELi6ELi6EEEE16solveBlocks_implERKNS_17SparseBlockMatrixIS3_EESt8functionIFvRNS_26MarginalCovarianceCholeskyEEE]+0x83): undefined reference to `g2o::MarginalCovarianceCholesky::MarginalCovarianceCholesky()'
[6.291s] /usr/bin/ld: visual_odometry.cpp:(.text._ZN3g2o17LinearSolverEigenIN5Eigen6MatrixIdLi6ELi6ELi0ELi6ELi6EEEE16solveBlocks_implERKNS_17SparseBlockMatrixIS3_EESt8functionIFvRNS_26MarginalCovarianceCholeskyEEE[_ZN3g2o17LinearSolverEigenIN5Eigen6MatrixIdLi6ELi6ELi0ELi6ELi6EEEE16solveBlocks_implERKNS_17SparseBlockMatrixIS3_EESt8functionIFvRNS_26MarginalCovarianceCholeskyEEE]+0x1b7): undefined reference to `g2o::MarginalCovarianceCholesky::setCholeskyFactor(int, int*, int*, double*, int*)'
[6.291s] /usr/bin/ld: visual_odometry.cpp:(.text._ZN3g2o17LinearSolverEigenIN5Eigen6MatrixIdLi6ELi6ELi0ELi6ELi6EEEE16solveBlocks_implERKNS_17SparseBlockMatrixIS3_EESt8functionIFvRNS_26MarginalCovarianceCholeskyEEE[_ZN3g2o17LinearSolverEigenIN5Eigen6MatrixIdLi6ELi6ELi0ELi6ELi6EEEE16solveBlocks_implERKNS_17SparseBlockMatrixIS3_EESt8functionIFvRNS_26MarginalCovarianceCholeskyEEE]+0x247): undefined reference to `g2o::MarginalCovarianceCholesky::~MarginalCovarianceCholesky()'
[6.291s] /usr/bin/ld: visual_odometry.cpp:(.text._ZN3g2o17LinearSolverEigenIN5Eigen6MatrixIdLi6ELi6ELi0ELi6ELi6EEEE16solveBlocks_implERKNS_17SparseBlockMatrixIS3_EESt8functionIFvRNS_26MarginalCovarianceCholeskyEEE[_ZN3g2o17LinearSolverEigenIN5Eigen6MatrixIdLi6ELi6ELi0ELi6ELi6EEEE16solveBlocks_implERKNS_17SparseBlockMatrixIS3_EESt8functionIFvRNS_26MarginalCovarianceCholeskyEEE]+0x270): undefined reference to `g2o::MarginalCovarianceCholesky::~MarginalCovarianceCholesky()'
[6.291s] /usr/bin/ld: CMakeFiles/slam_system.dir/src/frontend/visual_odometry.cpp.o: in function `g2o::BlockSolver<g2o::BlockSolverTraits<6, -1> >::updateStructure(std::vector<g2o::HyperGraph::Vertex*, std::allocator<g2o::HyperGraph::Vertex*> > const&, std::set<g2o::HyperGraph::Edge*, std::less<g2o::HyperGraph::Edge*>, std::allocator<g2o::HyperGraph::Edge*> > const&)':
[6.292s] visual_odometry.cpp:(.text._ZN3g2o11BlockSolverINS_17BlockSolverTraitsILi6ELin1EEEE15updateStructureERKSt6vectorIPNS_10HyperGraph6VertexESaIS7_EERKSt3setIPNS5_4EdgeESt4lessISE_ESaISE_EE[_ZN3g2o11BlockSolverINS_17BlockSolverTraitsILi6ELin1EEEE15updateStructureERKSt6vectorIPNS_10HyperGraph6VertexESaIS7_EERKSt3setIPNS5_4EdgeESt4lessISE_ESaISE_EE]+0x2db): undefined reference to `g2o::Solver::resizeVector(unsigned long)'
[6.292s] /usr/bin/ld: CMakeFiles/slam_system.dir/src/frontend/visual_odometry.cpp.o: in function `g2o::BlockSolver<g2o::BlockSolverTraits<6, -1> >::solve()':
[6.292s] visual_odometry.cpp:(.text._ZN3g2o11BlockSolverINS_17BlockSolverTraitsILi6ELin1EEEE5solveEv[_ZN3g2o11BlockSolverINS_17BlockSolverTraitsILi6ELin1EEEE5solveEv]+0x46): undefined reference to `g2o::get_monotonic_time()'
[6.292s] /usr/bin/ld: visual_odometry.cpp:(.text._ZN3g2o11BlockSolverINS_17BlockSolverTraitsILi6ELin1EEEE5solveEv[_ZN3g2o11BlockSolverINS_17BlockSolverTraitsILi6ELin1EEEE5solveEv]+0xcb): undefined reference to `g2o::get_monotonic_time()'
[6.292s] /usr/bin/ld: visual_odometry.cpp:(.text._ZN3g2o11BlockSolverINS_17BlockSolverTraitsILi6ELin1EEEE5solveEv[_ZN3g2o11BlockSolverINS_17BlockSolverTraitsILi6ELin1EEEE5solveEv]+0x142): undefined reference to `g2o::get_monotonic_time()'
[6.293s] /usr/bin/ld: visual_odometry.cpp:(.text._ZN3g2o11BlockSolverINS_17BlockSolverTraitsILi6ELin1EEEE5solveEv[_ZN3g2o11BlockSolverINS_17BlockSolverTraitsILi6ELin1EEEE5solveEv]+0xb3a): undefined reference to `g2o::get_monotonic_time()'
[6.293s] /usr/bin/ld: visual_odometry.cpp:(.text._ZN3g2o11BlockSolverINS_17BlockSolverTraitsILi6ELin1EEEE5solveEv[_ZN3g2o11BlockSolverINS_17BlockSolverTraitsILi6ELin1EEEE5solveEv]+0xb5d): undefined reference to `g2o::get_monotonic_time()'
[6.293s] /usr/bin/ld: CMakeFiles/slam_system.dir/src/frontend/visual_odometry.cpp.o:visual_odometry.cpp:(.text._ZN3g2o11BlockSolverINS_17BlockSolverTraitsILi6ELin1EEEE5solveEv[_ZN3g2o11BlockSolverINS_17BlockSolverTraitsILi6ELin1EEEE5solveEv]+0xbe7): more undefined references to `g2o::get_monotonic_time()' follow
[6.293s] /usr/bin/ld: CMakeFiles/slam_system.dir/src/frontend/visual_odometry.cpp.o: in function `g2o::BaseFixedSizedEdge<2, Eigen::Matrix<double, 2, 1, 0, 2, 1>, VertexPose>::resize(unsigned long)':
[6.293s] visual_odometry.cpp:(.text._ZN3g2o18BaseFixedSizedEdgeILi2EN5Eigen6MatrixIdLi2ELi1ELi0ELi2ELi1EEEJ10VertexPoseEE6resizeEm[_ZN3g2o18BaseFixedSizedEdgeILi2EN5Eigen6MatrixIdLi2ELi1ELi0ELi2ELi1EEEJ10VertexPoseEE6resizeEm]+0x52): undefined reference to `g2o::HyperGraph::Edge::resize(unsigned long)'
[6.294s] /usr/bin/ld: CMakeFiles/slam_system.dir/src/frontend/visual_odometry.cpp.o: in function `g2o::LinearSolverEigen<Eigen::Matrix<double, 6, 6, 0, 6, 6> >::computeCholesky(g2o::SparseBlockMatrix<Eigen::Matrix<double, 6, 6, 0, 6, 6> > const&, double&)':
[6.294s] visual_odometry.cpp:(.text._ZN3g2o17LinearSolverEigenIN5Eigen6MatrixIdLi6ELi6ELi0ELi6ELi6EEEE15computeCholeskyERKNS_17SparseBlockMatrixIS3_EERd[_ZN3g2o17LinearSolverEigenIN5Eigen6MatrixIdLi6ELi6ELi0ELi6ELi6EEEE15computeCholeskyERKNS_17SparseBlockMatrixIS3_EERd]+0xa3): undefined reference to `g2o::get_monotonic_time()'
[6.294s] /usr/bin/ld: CMakeFiles/slam_system.dir/src/frontend/visual_odometry.cpp.o: in function `g2o::BlockSolver<g2o::BlockSolverTraits<6, -1> >::resize(int*, int, int*, int, int)':
[6.295s] visual_odometry.cpp:(.text._ZN3g2o11BlockSolverINS_17BlockSolverTraitsILi6ELin1EEEE6resizeEPiiS4_ii[_ZN3g2o11BlockSolverINS_17BlockSolverTraitsILi6ELin1EEEE6resizeEPiiS4_ii]+0x50): undefined reference to `g2o::Solver::resizeVector(unsigned long)'
[6.295s] /usr/bin/ld: CMakeFiles/slam_system.dir/src/frontend/visual_odometry.cpp.o: in function `g2o::LinearSolverEigen<Eigen::Matrix<double, 6, 6, 0, 6, 6> >::computeSymbolicDecomposition(g2o::SparseBlockMatrix<Eigen::Matrix<double, 6, 6, 0, 6, 6> > const&)':
[6.295s] visual_odometry.cpp:(.text._ZN3g2o17LinearSolverEigenIN5Eigen6MatrixIdLi6ELi6ELi0ELi6ELi6EEEE28computeSymbolicDecompositionERKNS_17SparseBlockMatrixIS3_EE[_ZN3g2o17LinearSolverEigenIN5Eigen6MatrixIdLi6ELi6ELi0ELi6ELi6EEEE28computeSymbolicDecompositionERKNS_17SparseBlockMatrixIS3_EE]+0x2e): undefined reference to `g2o::get_monotonic_time()'
[6.296s] /usr/bin/ld: visual_odometry.cpp:(.text._ZN3g2o17LinearSolverEigenIN5Eigen6MatrixIdLi6ELi6ELi0ELi6ELi6EEEE28computeSymbolicDecompositionERKNS_17SparseBlockMatrixIS3_EE[_ZN3g2o17LinearSolverEigenIN5Eigen6MatrixIdLi6ELi6ELi0ELi6ELi6EEEE28computeSymbolicDecompositionERKNS_17SparseBlockMatrixIS3_EE]+0x231): undefined reference to `g2o::get_monotonic_time()'
[6.373s] /usr/bin/ld: warning: creating DT_TEXTREL in a PIE
[6.381s] collect2: error: ld returned 1 exit status
[6.382s] gmake[2]: *** [CMakeFiles/slam_system.dir/build.make:299: slam_system] Error 1
[6.382s] gmake[1]: *** [CMakeFiles/Makefile2:137: CMakeFiles/slam_system.dir/all] Error 2
[6.383s] gmake: *** [Makefile:146: all] Error 2
[6.385s] Invoked command in '/home/dongjae/slambook_ws/build/slam_core' returned '2': CMAKE_PREFIX_PATH=/opt/ros/humble /usr/bin/cmake --build /home/dongjae/slambook_ws/build/slam_core -- -j16 -l16
