[0.119s] DEBUG:colcon:Command line arguments: ['/usr/bin/colcon', 'build']
[0.119s] DEBUG:colcon:Parsed command line arguments: Namespace(log_base=None, log_level=None, verb_name='build', build_base='build', install_base='install', merge_install=False, symlink_install=False, test_result_base=None, continue_on_error=False, executor='parallel', parallel_workers=16, event_handlers=None, ignore_user_meta=False, metas=['./colcon.meta'], base_paths=['.'], packages_ignore=None, packages_ignore_regex=None, paths=None, packages_up_to=None, packages_up_to_regex=None, packages_above=None, packages_above_and_dependencies=None, packages_above_depth=None, packages_select_by_dep=None, packages_skip_by_dep=None, packages_skip_up_to=None, packages_select_build_failed=False, packages_skip_build_finished=False, packages_select_test_failures=False, packages_skip_test_passed=False, packages_select=None, packages_skip=None, packages_select_regex=None, packages_skip_regex=None, packages_start=None, packages_end=None, allow_overriding=[], cmake_args=None, cmake_target=None, cmake_target_skip_unavailable=False, cmake_clean_cache=False, cmake_clean_first=False, cmake_force_configure=False, ament_cmake_args=None, catkin_cmake_args=None, catkin_skip_building_tests=False, mixin_files=None, mixin=None, verb_parser=<colcon_mixin.mixin.mixin_argument.MixinArgumentDecorator object at 0x76989c84d120>, verb_extension=<colcon_core.verb.build.BuildVerb object at 0x76989c84c670>, main=<bound method BuildVerb.main of <colcon_core.verb.build.BuildVerb object at 0x76989c84c670>>, mixin_verb=('build',))
[0.206s] Level 1:colcon.colcon_core.package_discovery:discover_packages(colcon_meta) check parameters
[0.206s] Level 1:colcon.colcon_core.package_discovery:discover_packages(recursive) check parameters
[0.206s] Level 1:colcon.colcon_core.package_discovery:discover_packages(ignore) check parameters
[0.206s] Level 1:colcon.colcon_core.package_discovery:discover_packages(path) check parameters
[0.206s] Level 1:colcon.colcon_core.package_discovery:discover_packages(colcon_meta) discover
[0.206s] Level 1:colcon.colcon_core.package_discovery:discover_packages(recursive) discover
[0.207s] INFO:colcon.colcon_core.package_discovery:Crawling recursively for packages in '/home/dongjae/slambook_ws'
[0.207s] Level 1:colcon.colcon_core.package_identification:_identify(.) by extensions ['ignore', 'ignore_ament_install']
[0.207s] Level 1:colcon.colcon_core.package_identification:_identify(.) by extension 'ignore'
[0.207s] Level 1:colcon.colcon_core.package_identification:_identify(.) by extension 'ignore_ament_install'
[0.207s] Level 1:colcon.colcon_core.package_identification:_identify(.) by extensions ['colcon_pkg']
[0.207s] Level 1:colcon.colcon_core.package_identification:_identify(.) by extension 'colcon_pkg'
[0.207s] Level 1:colcon.colcon_core.package_identification:_identify(.) by extensions ['colcon_meta']
[0.207s] Level 1:colcon.colcon_core.package_identification:_identify(.) by extension 'colcon_meta'
[0.207s] Level 1:colcon.colcon_core.package_identification:_identify(.) by extensions ['ros']
[0.207s] Level 1:colcon.colcon_core.package_identification:_identify(.) by extension 'ros'
[0.214s] Level 1:colcon.colcon_core.package_identification:_identify(.) by extensions ['cmake', 'python']
[0.215s] Level 1:colcon.colcon_core.package_identification:_identify(.) by extension 'cmake'
[0.215s] Level 1:colcon.colcon_core.package_identification:_identify(.) by extension 'python'
[0.215s] Level 1:colcon.colcon_core.package_identification:_identify(.) by extensions ['python_setup_py']
[0.215s] Level 1:colcon.colcon_core.package_identification:_identify(.) by extension 'python_setup_py'
[0.215s] Level 1:colcon.colcon_core.package_identification:_identify(build) by extensions ['ignore', 'ignore_ament_install']
[0.215s] Level 1:colcon.colcon_core.package_identification:_identify(build) by extension 'ignore'
[0.215s] Level 1:colcon.colcon_core.package_identification:_identify(build) ignored
[0.215s] Level 1:colcon.colcon_core.package_identification:_identify(install) by extensions ['ignore', 'ignore_ament_install']
[0.215s] Level 1:colcon.colcon_core.package_identification:_identify(install) by extension 'ignore'
[0.215s] Level 1:colcon.colcon_core.package_identification:_identify(install) ignored
[0.215s] Level 1:colcon.colcon_core.package_identification:_identify(log) by extensions ['ignore', 'ignore_ament_install']
[0.215s] Level 1:colcon.colcon_core.package_identification:_identify(log) by extension 'ignore'
[0.215s] Level 1:colcon.colcon_core.package_identification:_identify(log) ignored
[0.215s] Level 1:colcon.colcon_core.package_identification:_identify(src) by extensions ['ignore', 'ignore_ament_install']
[0.215s] Level 1:colcon.colcon_core.package_identification:_identify(src) by extension 'ignore'
[0.215s] Level 1:colcon.colcon_core.package_identification:_identify(src) by extension 'ignore_ament_install'
[0.216s] Level 1:colcon.colcon_core.package_identification:_identify(src) by extensions ['colcon_pkg']
[0.216s] Level 1:colcon.colcon_core.package_identification:_identify(src) by extension 'colcon_pkg'
[0.216s] Level 1:colcon.colcon_core.package_identification:_identify(src) by extensions ['colcon_meta']
[0.216s] Level 1:colcon.colcon_core.package_identification:_identify(src) by extension 'colcon_meta'
[0.216s] Level 1:colcon.colcon_core.package_identification:_identify(src) by extensions ['ros']
[0.216s] Level 1:colcon.colcon_core.package_identification:_identify(src) by extension 'ros'
[0.216s] Level 1:colcon.colcon_core.package_identification:_identify(src) by extensions ['cmake', 'python']
[0.216s] Level 1:colcon.colcon_core.package_identification:_identify(src) by extension 'cmake'
[0.216s] Level 1:colcon.colcon_core.package_identification:_identify(src) by extension 'python'
[0.216s] Level 1:colcon.colcon_core.package_identification:_identify(src) by extensions ['python_setup_py']
[0.216s] Level 1:colcon.colcon_core.package_identification:_identify(src) by extension 'python_setup_py'
[0.216s] Level 1:colcon.colcon_core.package_identification:_identify(src/slam_core) by extensions ['ignore', 'ignore_ament_install']
[0.216s] Level 1:colcon.colcon_core.package_identification:_identify(src/slam_core) by extension 'ignore'
[0.216s] Level 1:colcon.colcon_core.package_identification:_identify(src/slam_core) by extension 'ignore_ament_install'
[0.216s] Level 1:colcon.colcon_core.package_identification:_identify(src/slam_core) by extensions ['colcon_pkg']
[0.216s] Level 1:colcon.colcon_core.package_identification:_identify(src/slam_core) by extension 'colcon_pkg'
[0.216s] Level 1:colcon.colcon_core.package_identification:_identify(src/slam_core) by extensions ['colcon_meta']
[0.216s] Level 1:colcon.colcon_core.package_identification:_identify(src/slam_core) by extension 'colcon_meta'
[0.216s] Level 1:colcon.colcon_core.package_identification:_identify(src/slam_core) by extensions ['ros']
[0.216s] Level 1:colcon.colcon_core.package_identification:_identify(src/slam_core) by extension 'ros'
[0.218s] DEBUG:colcon.colcon_core.package_identification:Package 'src/slam_core' with type 'ros.ament_cmake' and name 'slam_core'
[0.218s] Level 1:colcon.colcon_core.package_discovery:discover_packages(recursive) using defaults
[0.218s] Level 1:colcon.colcon_core.package_discovery:discover_packages(ignore) discover
[0.218s] Level 1:colcon.colcon_core.package_discovery:discover_packages(ignore) using defaults
[0.218s] Level 1:colcon.colcon_core.package_discovery:discover_packages(path) discover
[0.218s] Level 1:colcon.colcon_core.package_discovery:discover_packages(path) using defaults
[0.244s] Level 1:colcon.colcon_core.package_discovery:discover_packages(prefix_path) check parameters
[0.244s] Level 1:colcon.colcon_core.package_discovery:discover_packages(prefix_path) discover
[0.245s] DEBUG:colcon.colcon_installed_package_information.package_discovery:Found 271 installed packages in /opt/ros/humble
[0.246s] Level 1:colcon.colcon_core.package_discovery:discover_packages(prefix_path) using defaults
[0.265s] Level 5:colcon.colcon_core.verb:set package 'slam_core' build argument 'cmake_args' from command line to 'None'
[0.265s] Level 5:colcon.colcon_core.verb:set package 'slam_core' build argument 'cmake_target' from command line to 'None'
[0.265s] Level 5:colcon.colcon_core.verb:set package 'slam_core' build argument 'cmake_target_skip_unavailable' from command line to 'False'
[0.265s] Level 5:colcon.colcon_core.verb:set package 'slam_core' build argument 'cmake_clean_cache' from command line to 'False'
[0.265s] Level 5:colcon.colcon_core.verb:set package 'slam_core' build argument 'cmake_clean_first' from command line to 'False'
[0.265s] Level 5:colcon.colcon_core.verb:set package 'slam_core' build argument 'cmake_force_configure' from command line to 'False'
[0.265s] Level 5:colcon.colcon_core.verb:set package 'slam_core' build argument 'ament_cmake_args' from command line to 'None'
[0.265s] Level 5:colcon.colcon_core.verb:set package 'slam_core' build argument 'catkin_cmake_args' from command line to 'None'
[0.265s] Level 5:colcon.colcon_core.verb:set package 'slam_core' build argument 'catkin_skip_building_tests' from command line to 'False'
[0.265s] DEBUG:colcon.colcon_core.verb:Building package 'slam_core' with the following arguments: {'ament_cmake_args': None, 'build_base': '/home/dongjae/slambook_ws/build/slam_core', 'catkin_cmake_args': None, 'catkin_skip_building_tests': False, 'cmake_args': None, 'cmake_clean_cache': False, 'cmake_clean_first': False, 'cmake_force_configure': False, 'cmake_target': None, 'cmake_target_skip_unavailable': False, 'install_base': '/home/dongjae/slambook_ws/install/slam_core', 'merge_install': False, 'path': '/home/dongjae/slambook_ws/src/slam_core', 'symlink_install': False, 'test_result_base': None}
[0.265s] INFO:colcon.colcon_core.executor:Executing jobs using 'parallel' executor
[0.267s] DEBUG:colcon.colcon_parallel_executor.executor.parallel:run_until_complete
[0.267s] INFO:colcon.colcon_ros.task.ament_cmake.build:Building ROS package in '/home/dongjae/slambook_ws/src/slam_core' with build type 'ament_cmake'
[0.267s] INFO:colcon.colcon_cmake.task.cmake.build:Building CMake package in '/home/dongjae/slambook_ws/src/slam_core'
[0.269s] INFO:colcon.colcon_core.plugin_system:Skipping extension 'colcon_core.shell.bat': Not used on non-Windows systems
[0.269s] INFO:colcon.colcon_core.shell:Skip shell extension 'powershell' for command environment: Not usable outside of PowerShell
[0.269s] DEBUG:colcon.colcon_core.shell:Skip shell extension 'dsv' for command environment
[0.279s] DEBUG:colcon.colcon_core.event_handler.log_command:Invoking command in '/home/dongjae/slambook_ws/build/slam_core': CMAKE_PREFIX_PATH=/opt/ros/humble /usr/bin/cmake /home/dongjae/slambook_ws/src/slam_core -DCMAKE_INSTALL_PREFIX=/home/dongjae/slambook_ws/install/slam_core
[6.519s] DEBUG:colcon.colcon_core.event_handler.log_command:Invoked command in '/home/dongjae/slambook_ws/build/slam_core' returned '0': CMAKE_PREFIX_PATH=/opt/ros/humble /usr/bin/cmake /home/dongjae/slambook_ws/src/slam_core -DCMAKE_INSTALL_PREFIX=/home/dongjae/slambook_ws/install/slam_core
[6.521s] DEBUG:colcon.colcon_core.event_handler.log_command:Invoking command in '/home/dongjae/slambook_ws/build/slam_core': CMAKE_PREFIX_PATH=/opt/ros/humble /usr/bin/cmake --build /home/dongjae/slambook_ws/build/slam_core -- -j16 -l16
[28.020s] DEBUG:colcon.colcon_core.event_handler.log_command:Invoked command in '/home/dongjae/slambook_ws/build/slam_core' returned '2': CMAKE_PREFIX_PATH=/opt/ros/humble /usr/bin/cmake --build /home/dongjae/slambook_ws/build/slam_core -- -j16 -l16
[28.022s] Level 1:colcon.colcon_core.environment:create_environment_scripts_only(slam_core)
[28.024s] Level 1:colcon.colcon_core.environment:checking '/home/dongjae/slambook_ws/install/slam_core' for CMake module files
[28.025s] Level 1:colcon.colcon_core.environment:checking '/home/dongjae/slambook_ws/install/slam_core' for CMake config files
[28.025s] Level 1:colcon.colcon_core.environment:checking '/home/dongjae/slambook_ws/install/slam_core/bin'
[28.025s] Level 1:colcon.colcon_core.environment:checking '/home/dongjae/slambook_ws/install/slam_core/lib/pkgconfig/slam_core.pc'
[28.026s] Level 1:colcon.colcon_core.environment:checking '/home/dongjae/slambook_ws/install/slam_core/lib/python3.10/site-packages'
[28.026s] Level 1:colcon.colcon_core.environment:checking '/home/dongjae/slambook_ws/install/slam_core/bin'
[28.026s] INFO:colcon.colcon_core.shell:Creating package script '/home/dongjae/slambook_ws/install/slam_core/share/slam_core/package.ps1'
[28.028s] INFO:colcon.colcon_core.shell:Creating package descriptor '/home/dongjae/slambook_ws/install/slam_core/share/slam_core/package.dsv'
[28.029s] INFO:colcon.colcon_core.shell:Creating package script '/home/dongjae/slambook_ws/install/slam_core/share/slam_core/package.sh'
[28.030s] INFO:colcon.colcon_core.shell:Creating package script '/home/dongjae/slambook_ws/install/slam_core/share/slam_core/package.bash'
[28.030s] INFO:colcon.colcon_core.shell:Creating package script '/home/dongjae/slambook_ws/install/slam_core/share/slam_core/package.zsh'
[28.031s] Level 1:colcon.colcon_core.environment:create_file_with_runtime_dependencies(/home/dongjae/slambook_ws/install/slam_core/share/colcon-core/packages/slam_core)
[28.043s] DEBUG:colcon.colcon_parallel_executor.executor.parallel:closing loop
[28.043s] DEBUG:colcon.colcon_parallel_executor.executor.parallel:loop closed
[28.043s] DEBUG:colcon.colcon_parallel_executor.executor.parallel:run_until_complete finished with '2'
[28.043s] DEBUG:colcon.colcon_core.event_reactor:joining thread
[28.082s] INFO:colcon.colcon_core.plugin_system:Skipping extension 'colcon_notification.desktop_notification.notify_send': Could not find 'notify-send'
[28.082s] INFO:colcon.colcon_core.plugin_system:Skipping extension 'colcon_notification.desktop_notification.terminal_notifier': Not used on non-Darwin systems
[28.082s] INFO:colcon.colcon_core.plugin_system:Skipping extension 'colcon_notification.desktop_notification.win32': Not used on non-Windows systems
[28.082s] INFO:colcon.colcon_notification.desktop_notification:Sending desktop notification using 'notify2'
[28.082s] DEBUG:colcon.colcon_notification.desktop_notification.notify2:Failed to initialize notify2: org.freedesktop.DBus.Error.FileNotFound: Failed to connect to socket /run/user/1000/bus: No such file or directory
[28.083s] DEBUG:colcon.colcon_core.event_reactor:joined thread
[28.083s] INFO:colcon.colcon_core.shell:Creating prefix script '/home/dongjae/slambook_ws/install/local_setup.ps1'
[28.084s] INFO:colcon.colcon_core.shell:Creating prefix util module '/home/dongjae/slambook_ws/install/_local_setup_util_ps1.py'
[28.084s] INFO:colcon.colcon_core.shell:Creating prefix chain script '/home/dongjae/slambook_ws/install/setup.ps1'
[28.085s] INFO:colcon.colcon_core.shell:Creating prefix script '/home/dongjae/slambook_ws/install/local_setup.sh'
[28.085s] INFO:colcon.colcon_core.shell:Creating prefix util module '/home/dongjae/slambook_ws/install/_local_setup_util_sh.py'
[28.086s] INFO:colcon.colcon_core.shell:Creating prefix chain script '/home/dongjae/slambook_ws/install/setup.sh'
[28.087s] INFO:colcon.colcon_core.shell:Creating prefix script '/home/dongjae/slambook_ws/install/local_setup.bash'
[28.087s] INFO:colcon.colcon_core.shell:Creating prefix chain script '/home/dongjae/slambook_ws/install/setup.bash'
[28.087s] INFO:colcon.colcon_core.shell:Creating prefix script '/home/dongjae/slambook_ws/install/local_setup.zsh'
[28.088s] INFO:colcon.colcon_core.shell:Creating prefix chain script '/home/dongjae/slambook_ws/install/setup.zsh'
