[0.144s] DEBUG:colcon:Command line arguments: ['/usr/bin/colcon', 'build', '--packages-select', 'slam_core', '--cmake-args', '-DCMAKE_BUILD_TYPE=Debug', '-DCMAKE_EXPORT_COMPILE_COMMANDS=ON']
[0.144s] DEBUG:colcon:Parsed command line arguments: Namespace(log_base=None, log_level=None, verb_name='build', build_base='build', install_base='install', merge_install=False, symlink_install=False, test_result_base=None, continue_on_error=False, executor='parallel', parallel_workers=16, event_handlers=None, ignore_user_meta=False, metas=['./colcon.meta'], base_paths=['.'], packages_ignore=None, packages_ignore_regex=None, paths=None, packages_up_to=None, packages_up_to_regex=None, packages_above=None, packages_above_and_dependencies=None, packages_above_depth=None, packages_select_by_dep=None, packages_skip_by_dep=None, packages_skip_up_to=None, packages_select_build_failed=False, packages_skip_build_finished=False, packages_select_test_failures=False, packages_skip_test_passed=False, packages_select=['slam_core'], packages_skip=None, packages_select_regex=None, packages_skip_regex=None, packages_start=None, packages_end=None, allow_overriding=[], cmake_args=['-DCMAKE_BUILD_TYPE=Debug', '-DCMAKE_EXPORT_COMPILE_COMMANDS=ON'], cmake_target=None, cmake_target_skip_unavailable=False, cmake_clean_cache=False, cmake_clean_first=False, cmake_force_configure=False, ament_cmake_args=None, catkin_cmake_args=None, catkin_skip_building_tests=False, mixin_files=None, mixin=None, verb_parser=<colcon_mixin.mixin.mixin_argument.MixinArgumentDecorator object at 0x7df6558510f0>, verb_extension=<colcon_core.verb.build.BuildVerb object at 0x7df655850640>, main=<bound method BuildVerb.main of <colcon_core.verb.build.BuildVerb object at 0x7df655850640>>, mixin_verb=('build',))
[0.236s] Level 1:colcon.colcon_core.package_discovery:discover_packages(colcon_meta) check parameters
[0.236s] Level 1:colcon.colcon_core.package_discovery:discover_packages(recursive) check parameters
[0.237s] Level 1:colcon.colcon_core.package_discovery:discover_packages(ignore) check parameters
[0.237s] Level 1:colcon.colcon_core.package_discovery:discover_packages(path) check parameters
[0.237s] Level 1:colcon.colcon_core.package_discovery:discover_packages(colcon_meta) discover
[0.237s] Level 1:colcon.colcon_core.package_discovery:discover_packages(recursive) discover
[0.237s] INFO:colcon.colcon_core.package_discovery:Crawling recursively for packages in '/home/dongjae/slambook_ws'
[0.237s] Level 1:colcon.colcon_core.package_identification:_identify(.) by extensions ['ignore', 'ignore_ament_install']
[0.237s] Level 1:colcon.colcon_core.package_identification:_identify(.) by extension 'ignore'
[0.237s] Level 1:colcon.colcon_core.package_identification:_identify(.) by extension 'ignore_ament_install'
[0.237s] Level 1:colcon.colcon_core.package_identification:_identify(.) by extensions ['colcon_pkg']
[0.237s] Level 1:colcon.colcon_core.package_identification:_identify(.) by extension 'colcon_pkg'
[0.237s] Level 1:colcon.colcon_core.package_identification:_identify(.) by extensions ['colcon_meta']
[0.237s] Level 1:colcon.colcon_core.package_identification:_identify(.) by extension 'colcon_meta'
[0.237s] Level 1:colcon.colcon_core.package_identification:_identify(.) by extensions ['ros']
[0.237s] Level 1:colcon.colcon_core.package_identification:_identify(.) by extension 'ros'
[0.244s] Level 1:colcon.colcon_core.package_identification:_identify(.) by extensions ['cmake', 'python']
[0.244s] Level 1:colcon.colcon_core.package_identification:_identify(.) by extension 'cmake'
[0.244s] Level 1:colcon.colcon_core.package_identification:_identify(.) by extension 'python'
[0.244s] Level 1:colcon.colcon_core.package_identification:_identify(.) by extensions ['python_setup_py']
[0.244s] Level 1:colcon.colcon_core.package_identification:_identify(.) by extension 'python_setup_py'
[0.244s] Level 1:colcon.colcon_core.package_identification:_identify(build) by extensions ['ignore', 'ignore_ament_install']
[0.245s] Level 1:colcon.colcon_core.package_identification:_identify(build) by extension 'ignore'
[0.245s] Level 1:colcon.colcon_core.package_identification:_identify(build) ignored
[0.245s] Level 1:colcon.colcon_core.package_identification:_identify(install) by extensions ['ignore', 'ignore_ament_install']
[0.245s] Level 1:colcon.colcon_core.package_identification:_identify(install) by extension 'ignore'
[0.245s] Level 1:colcon.colcon_core.package_identification:_identify(install) ignored
[0.245s] Level 1:colcon.colcon_core.package_identification:_identify(log) by extensions ['ignore', 'ignore_ament_install']
[0.245s] Level 1:colcon.colcon_core.package_identification:_identify(log) by extension 'ignore'
[0.245s] Level 1:colcon.colcon_core.package_identification:_identify(log) ignored
[0.245s] Level 1:colcon.colcon_core.package_identification:_identify(src) by extensions ['ignore', 'ignore_ament_install']
[0.245s] Level 1:colcon.colcon_core.package_identification:_identify(src) by extension 'ignore'
[0.246s] Level 1:colcon.colcon_core.package_identification:_identify(src) by extension 'ignore_ament_install'
[0.246s] Level 1:colcon.colcon_core.package_identification:_identify(src) by extensions ['colcon_pkg']
[0.246s] Level 1:colcon.colcon_core.package_identification:_identify(src) by extension 'colcon_pkg'
[0.246s] Level 1:colcon.colcon_core.package_identification:_identify(src) by extensions ['colcon_meta']
[0.246s] Level 1:colcon.colcon_core.package_identification:_identify(src) by extension 'colcon_meta'
[0.246s] Level 1:colcon.colcon_core.package_identification:_identify(src) by extensions ['ros']
[0.246s] Level 1:colcon.colcon_core.package_identification:_identify(src) by extension 'ros'
[0.246s] Level 1:colcon.colcon_core.package_identification:_identify(src) by extensions ['cmake', 'python']
[0.246s] Level 1:colcon.colcon_core.package_identification:_identify(src) by extension 'cmake'
[0.246s] Level 1:colcon.colcon_core.package_identification:_identify(src) by extension 'python'
[0.246s] Level 1:colcon.colcon_core.package_identification:_identify(src) by extensions ['python_setup_py']
[0.246s] Level 1:colcon.colcon_core.package_identification:_identify(src) by extension 'python_setup_py'
[0.246s] Level 1:colcon.colcon_core.package_identification:_identify(src/slam_core) by extensions ['ignore', 'ignore_ament_install']
[0.246s] Level 1:colcon.colcon_core.package_identification:_identify(src/slam_core) by extension 'ignore'
[0.246s] Level 1:colcon.colcon_core.package_identification:_identify(src/slam_core) by extension 'ignore_ament_install'
[0.246s] Level 1:colcon.colcon_core.package_identification:_identify(src/slam_core) by extensions ['colcon_pkg']
[0.246s] Level 1:colcon.colcon_core.package_identification:_identify(src/slam_core) by extension 'colcon_pkg'
[0.246s] Level 1:colcon.colcon_core.package_identification:_identify(src/slam_core) by extensions ['colcon_meta']
[0.246s] Level 1:colcon.colcon_core.package_identification:_identify(src/slam_core) by extension 'colcon_meta'
[0.246s] Level 1:colcon.colcon_core.package_identification:_identify(src/slam_core) by extensions ['ros']
[0.246s] Level 1:colcon.colcon_core.package_identification:_identify(src/slam_core) by extension 'ros'
[0.248s] DEBUG:colcon.colcon_core.package_identification:Package 'src/slam_core' with type 'ros.ament_cmake' and name 'slam_core'
[0.248s] Level 1:colcon.colcon_core.package_discovery:discover_packages(recursive) using defaults
[0.248s] Level 1:colcon.colcon_core.package_discovery:discover_packages(ignore) discover
[0.248s] Level 1:colcon.colcon_core.package_discovery:discover_packages(ignore) using defaults
[0.248s] Level 1:colcon.colcon_core.package_discovery:discover_packages(path) discover
[0.248s] Level 1:colcon.colcon_core.package_discovery:discover_packages(path) using defaults
[0.272s] Level 1:colcon.colcon_core.package_discovery:discover_packages(prefix_path) check parameters
[0.272s] Level 1:colcon.colcon_core.package_discovery:discover_packages(prefix_path) discover
[0.273s] DEBUG:colcon.colcon_installed_package_information.package_discovery:Found 1 installed packages in /home/dongjae/slambook_ws/install
[0.274s] DEBUG:colcon.colcon_installed_package_information.package_discovery:Found 271 installed packages in /opt/ros/humble
[0.275s] Level 1:colcon.colcon_core.package_discovery:discover_packages(prefix_path) using defaults
[0.299s] Level 5:colcon.colcon_core.verb:set package 'slam_core' build argument 'cmake_args' from command line to '['-DCMAKE_BUILD_TYPE=Debug', '-DCMAKE_EXPORT_COMPILE_COMMANDS=ON']'
[0.299s] Level 5:colcon.colcon_core.verb:set package 'slam_core' build argument 'cmake_target' from command line to 'None'
[0.299s] Level 5:colcon.colcon_core.verb:set package 'slam_core' build argument 'cmake_target_skip_unavailable' from command line to 'False'
[0.299s] Level 5:colcon.colcon_core.verb:set package 'slam_core' build argument 'cmake_clean_cache' from command line to 'False'
[0.299s] Level 5:colcon.colcon_core.verb:set package 'slam_core' build argument 'cmake_clean_first' from command line to 'False'
[0.299s] Level 5:colcon.colcon_core.verb:set package 'slam_core' build argument 'cmake_force_configure' from command line to 'False'
[0.299s] Level 5:colcon.colcon_core.verb:set package 'slam_core' build argument 'ament_cmake_args' from command line to 'None'
[0.299s] Level 5:colcon.colcon_core.verb:set package 'slam_core' build argument 'catkin_cmake_args' from command line to 'None'
[0.299s] Level 5:colcon.colcon_core.verb:set package 'slam_core' build argument 'catkin_skip_building_tests' from command line to 'False'
[0.299s] DEBUG:colcon.colcon_core.verb:Building package 'slam_core' with the following arguments: {'ament_cmake_args': None, 'build_base': '/home/dongjae/slambook_ws/build/slam_core', 'catkin_cmake_args': None, 'catkin_skip_building_tests': False, 'cmake_args': ['-DCMAKE_BUILD_TYPE=Debug', '-DCMAKE_EXPORT_COMPILE_COMMANDS=ON'], 'cmake_clean_cache': False, 'cmake_clean_first': False, 'cmake_force_configure': False, 'cmake_target': None, 'cmake_target_skip_unavailable': False, 'install_base': '/home/dongjae/slambook_ws/install/slam_core', 'merge_install': False, 'path': '/home/dongjae/slambook_ws/src/slam_core', 'symlink_install': False, 'test_result_base': None}
[0.299s] INFO:colcon.colcon_core.executor:Executing jobs using 'parallel' executor
[0.300s] DEBUG:colcon.colcon_parallel_executor.executor.parallel:run_until_complete
[0.301s] INFO:colcon.colcon_ros.task.ament_cmake.build:Building ROS package in '/home/dongjae/slambook_ws/src/slam_core' with build type 'ament_cmake'
[0.301s] INFO:colcon.colcon_cmake.task.cmake.build:Building CMake package in '/home/dongjae/slambook_ws/src/slam_core'
[0.302s] INFO:colcon.colcon_core.plugin_system:Skipping extension 'colcon_core.shell.bat': Not used on non-Windows systems
[0.302s] INFO:colcon.colcon_core.shell:Skip shell extension 'powershell' for command environment: Not usable outside of PowerShell
[0.302s] DEBUG:colcon.colcon_core.shell:Skip shell extension 'dsv' for command environment
[0.312s] DEBUG:colcon.colcon_core.event_handler.log_command:Invoking command in '/home/dongjae/slambook_ws/build/slam_core': CMAKE_PREFIX_PATH=${CMAKE_PREFIX_PATH}:/opt/ros/humble /usr/bin/cmake /home/dongjae/slambook_ws/src/slam_core -DCMAKE_BUILD_TYPE=Debug -DCMAKE_EXPORT_COMPILE_COMMANDS=ON -DCMAKE_INSTALL_PREFIX=/home/dongjae/slambook_ws/install/slam_core
[5.321s] DEBUG:colcon.colcon_core.event_handler.log_command:Invoked command in '/home/dongjae/slambook_ws/build/slam_core' returned '0': CMAKE_PREFIX_PATH=${CMAKE_PREFIX_PATH}:/opt/ros/humble /usr/bin/cmake /home/dongjae/slambook_ws/src/slam_core -DCMAKE_BUILD_TYPE=Debug -DCMAKE_EXPORT_COMPILE_COMMANDS=ON -DCMAKE_INSTALL_PREFIX=/home/dongjae/slambook_ws/install/slam_core
[5.323s] DEBUG:colcon.colcon_core.event_handler.log_command:Invoking command in '/home/dongjae/slambook_ws/build/slam_core': CMAKE_PREFIX_PATH=${CMAKE_PREFIX_PATH}:/opt/ros/humble /usr/bin/cmake --build /home/dongjae/slambook_ws/build/slam_core -- -j16 -l16
[38.248s] DEBUG:colcon.colcon_core.event_handler.log_command:Invoked command in '/home/dongjae/slambook_ws/build/slam_core' returned '0': CMAKE_PREFIX_PATH=${CMAKE_PREFIX_PATH}:/opt/ros/humble /usr/bin/cmake --build /home/dongjae/slambook_ws/build/slam_core -- -j16 -l16
[38.258s] DEBUG:colcon.colcon_core.event_handler.log_command:Invoking command in '/home/dongjae/slambook_ws/build/slam_core': CMAKE_PREFIX_PATH=${CMAKE_PREFIX_PATH}:/opt/ros/humble /usr/bin/cmake --install /home/dongjae/slambook_ws/build/slam_core
[38.311s] Level 1:colcon.colcon_core.environment:create_environment_scripts_only(slam_core)
[38.311s] DEBUG:colcon.colcon_core.event_handler.log_command:Invoked command in '/home/dongjae/slambook_ws/build/slam_core' returned '0': CMAKE_PREFIX_PATH=${CMAKE_PREFIX_PATH}:/opt/ros/humble /usr/bin/cmake --install /home/dongjae/slambook_ws/build/slam_core
[38.321s] Level 1:colcon.colcon_core.environment:checking '/home/dongjae/slambook_ws/install/slam_core' for CMake module files
[38.323s] Level 1:colcon.colcon_core.environment:checking '/home/dongjae/slambook_ws/install/slam_core' for CMake config files
[38.323s] Level 1:colcon.colcon_core.shell:create_environment_hook('slam_core', 'cmake_prefix_path')
[38.323s] INFO:colcon.colcon_core.shell:Creating environment hook '/home/dongjae/slambook_ws/install/slam_core/share/slam_core/hook/cmake_prefix_path.ps1'
[38.325s] INFO:colcon.colcon_core.shell:Creating environment descriptor '/home/dongjae/slambook_ws/install/slam_core/share/slam_core/hook/cmake_prefix_path.dsv'
[38.325s] INFO:colcon.colcon_core.shell:Creating environment hook '/home/dongjae/slambook_ws/install/slam_core/share/slam_core/hook/cmake_prefix_path.sh'
[38.326s] Level 1:colcon.colcon_core.environment:checking '/home/dongjae/slambook_ws/install/slam_core/lib'
[38.326s] Level 1:colcon.colcon_core.environment:checking '/home/dongjae/slambook_ws/install/slam_core/bin'
[38.326s] Level 1:colcon.colcon_core.environment:checking '/home/dongjae/slambook_ws/install/slam_core/lib/pkgconfig/slam_core.pc'
[38.326s] Level 1:colcon.colcon_core.environment:checking '/home/dongjae/slambook_ws/install/slam_core/lib/python3.10/site-packages'
[38.327s] Level 1:colcon.colcon_core.environment:checking '/home/dongjae/slambook_ws/install/slam_core/bin'
[38.327s] INFO:colcon.colcon_core.shell:Creating package script '/home/dongjae/slambook_ws/install/slam_core/share/slam_core/package.ps1'
[38.328s] INFO:colcon.colcon_core.shell:Creating package descriptor '/home/dongjae/slambook_ws/install/slam_core/share/slam_core/package.dsv'
[38.329s] INFO:colcon.colcon_core.shell:Creating package script '/home/dongjae/slambook_ws/install/slam_core/share/slam_core/package.sh'
[38.329s] INFO:colcon.colcon_core.shell:Creating package script '/home/dongjae/slambook_ws/install/slam_core/share/slam_core/package.bash'
[38.331s] INFO:colcon.colcon_core.shell:Creating package script '/home/dongjae/slambook_ws/install/slam_core/share/slam_core/package.zsh'
[38.332s] Level 1:colcon.colcon_core.environment:create_file_with_runtime_dependencies(/home/dongjae/slambook_ws/install/slam_core/share/colcon-core/packages/slam_core)
[38.333s] Level 1:colcon.colcon_core.environment:create_environment_scripts_only(slam_core)
[38.333s] Level 1:colcon.colcon_core.environment:checking '/home/dongjae/slambook_ws/install/slam_core' for CMake module files
[38.333s] Level 1:colcon.colcon_core.environment:checking '/home/dongjae/slambook_ws/install/slam_core' for CMake config files
[38.334s] Level 1:colcon.colcon_core.shell:create_environment_hook('slam_core', 'cmake_prefix_path')
[38.334s] INFO:colcon.colcon_core.shell:Creating environment hook '/home/dongjae/slambook_ws/install/slam_core/share/slam_core/hook/cmake_prefix_path.ps1'
[38.334s] INFO:colcon.colcon_core.shell:Creating environment descriptor '/home/dongjae/slambook_ws/install/slam_core/share/slam_core/hook/cmake_prefix_path.dsv'
[38.334s] INFO:colcon.colcon_core.shell:Creating environment hook '/home/dongjae/slambook_ws/install/slam_core/share/slam_core/hook/cmake_prefix_path.sh'
[38.335s] Level 1:colcon.colcon_core.environment:checking '/home/dongjae/slambook_ws/install/slam_core/lib'
[38.335s] Level 1:colcon.colcon_core.environment:checking '/home/dongjae/slambook_ws/install/slam_core/bin'
[38.335s] Level 1:colcon.colcon_core.environment:checking '/home/dongjae/slambook_ws/install/slam_core/lib/pkgconfig/slam_core.pc'
[38.335s] Level 1:colcon.colcon_core.environment:checking '/home/dongjae/slambook_ws/install/slam_core/lib/python3.10/site-packages'
[38.335s] Level 1:colcon.colcon_core.environment:checking '/home/dongjae/slambook_ws/install/slam_core/bin'
[38.336s] INFO:colcon.colcon_core.shell:Creating package script '/home/dongjae/slambook_ws/install/slam_core/share/slam_core/package.ps1'
[38.336s] INFO:colcon.colcon_core.shell:Creating package descriptor '/home/dongjae/slambook_ws/install/slam_core/share/slam_core/package.dsv'
[38.336s] INFO:colcon.colcon_core.shell:Creating package script '/home/dongjae/slambook_ws/install/slam_core/share/slam_core/package.sh'
[38.337s] INFO:colcon.colcon_core.shell:Creating package script '/home/dongjae/slambook_ws/install/slam_core/share/slam_core/package.bash'
[38.337s] INFO:colcon.colcon_core.shell:Creating package script '/home/dongjae/slambook_ws/install/slam_core/share/slam_core/package.zsh'
[38.338s] Level 1:colcon.colcon_core.environment:create_file_with_runtime_dependencies(/home/dongjae/slambook_ws/install/slam_core/share/colcon-core/packages/slam_core)
[38.338s] DEBUG:colcon.colcon_parallel_executor.executor.parallel:closing loop
[38.338s] DEBUG:colcon.colcon_parallel_executor.executor.parallel:loop closed
[38.339s] DEBUG:colcon.colcon_parallel_executor.executor.parallel:run_until_complete finished with '0'
[38.339s] DEBUG:colcon.colcon_core.event_reactor:joining thread
[38.379s] INFO:colcon.colcon_core.plugin_system:Skipping extension 'colcon_notification.desktop_notification.notify_send': Could not find 'notify-send'
[38.379s] INFO:colcon.colcon_core.plugin_system:Skipping extension 'colcon_notification.desktop_notification.terminal_notifier': Not used on non-Darwin systems
[38.379s] INFO:colcon.colcon_core.plugin_system:Skipping extension 'colcon_notification.desktop_notification.win32': Not used on non-Windows systems
[38.379s] INFO:colcon.colcon_notification.desktop_notification:Sending desktop notification using 'notify2'
[38.379s] DEBUG:colcon.colcon_notification.desktop_notification.notify2:Failed to initialize notify2: org.freedesktop.DBus.Error.FileNotFound: Failed to connect to socket /run/user/1000/bus: No such file or directory
[38.380s] DEBUG:colcon.colcon_core.event_reactor:joined thread
[38.380s] INFO:colcon.colcon_core.shell:Creating prefix script '/home/dongjae/slambook_ws/install/local_setup.ps1'
[38.383s] INFO:colcon.colcon_core.shell:Creating prefix util module '/home/dongjae/slambook_ws/install/_local_setup_util_ps1.py'
[38.384s] INFO:colcon.colcon_core.shell:Creating prefix chain script '/home/dongjae/slambook_ws/install/setup.ps1'
[38.386s] INFO:colcon.colcon_core.shell:Creating prefix script '/home/dongjae/slambook_ws/install/local_setup.sh'
[38.387s] INFO:colcon.colcon_core.shell:Creating prefix util module '/home/dongjae/slambook_ws/install/_local_setup_util_sh.py'
[38.388s] INFO:colcon.colcon_core.shell:Creating prefix chain script '/home/dongjae/slambook_ws/install/setup.sh'
[38.389s] INFO:colcon.colcon_core.shell:Creating prefix script '/home/dongjae/slambook_ws/install/local_setup.bash'
[38.390s] INFO:colcon.colcon_core.shell:Creating prefix chain script '/home/dongjae/slambook_ws/install/setup.bash'
[38.391s] INFO:colcon.colcon_core.shell:Creating prefix script '/home/dongjae/slambook_ws/install/local_setup.zsh'
[38.391s] INFO:colcon.colcon_core.shell:Creating prefix chain script '/home/dongjae/slambook_ws/install/setup.zsh'
