[0.149s] DEBUG:colcon:Command line arguments: ['/usr/bin/colcon', 'build', '--cmake-args', '-DCMAKE_BUILD_TYPE=Debug', '-DCMAKE_EXPORT_COMPILE_COMMANDS=ON']
[0.149s] DEBUG:colcon:Parsed command line arguments: Namespace(log_base=None, log_level=None, verb_name='build', build_base='build', install_base='install', merge_install=False, symlink_install=False, test_result_base=None, continue_on_error=False, executor='parallel', parallel_workers=16, event_handlers=None, ignore_user_meta=False, metas=['./colcon.meta'], base_paths=['.'], packages_ignore=None, packages_ignore_regex=None, paths=None, packages_up_to=None, packages_up_to_regex=None, packages_above=None, packages_above_and_dependencies=None, packages_above_depth=None, packages_select_by_dep=None, packages_skip_by_dep=None, packages_skip_up_to=None, packages_select_build_failed=False, packages_skip_build_finished=False, packages_select_test_failures=False, packages_skip_test_passed=False, packages_select=None, packages_skip=None, packages_select_regex=None, packages_skip_regex=None, packages_start=None, packages_end=None, allow_overriding=[], cmake_args=['-DCMAKE_BUILD_TYPE=Debug', '-DCMAKE_EXPORT_COMPILE_COMMANDS=ON'], cmake_target=None, cmake_target_skip_unavailable=False, cmake_clean_cache=False, cmake_clean_first=False, cmake_force_configure=False, ament_cmake_args=None, catkin_cmake_args=None, catkin_skip_building_tests=False, mixin_files=None, mixin=None, verb_parser=<colcon_mixin.mixin.mixin_argument.MixinArgumentDecorator object at 0x76b90c755150>, verb_extension=<colcon_core.verb.build.BuildVerb object at 0x76b90c7546a0>, main=<bound method BuildVerb.main of <colcon_core.verb.build.BuildVerb object at 0x76b90c7546a0>>, mixin_verb=('build',))
[0.270s] Level 1:colcon.colcon_core.package_discovery:discover_packages(colcon_meta) check parameters
[0.270s] Level 1:colcon.colcon_core.package_discovery:discover_packages(recursive) check parameters
[0.270s] Level 1:colcon.colcon_core.package_discovery:discover_packages(ignore) check parameters
[0.270s] Level 1:colcon.colcon_core.package_discovery:discover_packages(path) check parameters
[0.270s] Level 1:colcon.colcon_core.package_discovery:discover_packages(colcon_meta) discover
[0.270s] Level 1:colcon.colcon_core.package_discovery:discover_packages(recursive) discover
[0.270s] INFO:colcon.colcon_core.package_discovery:Crawling recursively for packages in '/home/dongjae/slambook_ws'
[0.270s] Level 1:colcon.colcon_core.package_identification:_identify(.) by extensions ['ignore', 'ignore_ament_install']
[0.270s] Level 1:colcon.colcon_core.package_identification:_identify(.) by extension 'ignore'
[0.270s] Level 1:colcon.colcon_core.package_identification:_identify(.) by extension 'ignore_ament_install'
[0.271s] Level 1:colcon.colcon_core.package_identification:_identify(.) by extensions ['colcon_pkg']
[0.271s] Level 1:colcon.colcon_core.package_identification:_identify(.) by extension 'colcon_pkg'
[0.271s] Level 1:colcon.colcon_core.package_identification:_identify(.) by extensions ['colcon_meta']
[0.271s] Level 1:colcon.colcon_core.package_identification:_identify(.) by extension 'colcon_meta'
[0.271s] Level 1:colcon.colcon_core.package_identification:_identify(.) by extensions ['ros']
[0.271s] Level 1:colcon.colcon_core.package_identification:_identify(.) by extension 'ros'
[0.280s] Level 1:colcon.colcon_core.package_identification:_identify(.) by extensions ['cmake', 'python']
[0.280s] Level 1:colcon.colcon_core.package_identification:_identify(.) by extension 'cmake'
[0.280s] Level 1:colcon.colcon_core.package_identification:_identify(.) by extension 'python'
[0.280s] Level 1:colcon.colcon_core.package_identification:_identify(.) by extensions ['python_setup_py']
[0.280s] Level 1:colcon.colcon_core.package_identification:_identify(.) by extension 'python_setup_py'
[0.280s] Level 1:colcon.colcon_core.package_identification:_identify(build) by extensions ['ignore', 'ignore_ament_install']
[0.280s] Level 1:colcon.colcon_core.package_identification:_identify(build) by extension 'ignore'
[0.280s] Level 1:colcon.colcon_core.package_identification:_identify(build) ignored
[0.280s] Level 1:colcon.colcon_core.package_identification:_identify(install) by extensions ['ignore', 'ignore_ament_install']
[0.280s] Level 1:colcon.colcon_core.package_identification:_identify(install) by extension 'ignore'
[0.280s] Level 1:colcon.colcon_core.package_identification:_identify(install) ignored
[0.280s] Level 1:colcon.colcon_core.package_identification:_identify(log) by extensions ['ignore', 'ignore_ament_install']
[0.281s] Level 1:colcon.colcon_core.package_identification:_identify(log) by extension 'ignore'
[0.281s] Level 1:colcon.colcon_core.package_identification:_identify(log) ignored
[0.281s] Level 1:colcon.colcon_core.package_identification:_identify(src) by extensions ['ignore', 'ignore_ament_install']
[0.281s] Level 1:colcon.colcon_core.package_identification:_identify(src) by extension 'ignore'
[0.281s] Level 1:colcon.colcon_core.package_identification:_identify(src) by extension 'ignore_ament_install'
[0.281s] Level 1:colcon.colcon_core.package_identification:_identify(src) by extensions ['colcon_pkg']
[0.281s] Level 1:colcon.colcon_core.package_identification:_identify(src) by extension 'colcon_pkg'
[0.281s] Level 1:colcon.colcon_core.package_identification:_identify(src) by extensions ['colcon_meta']
[0.281s] Level 1:colcon.colcon_core.package_identification:_identify(src) by extension 'colcon_meta'
[0.281s] Level 1:colcon.colcon_core.package_identification:_identify(src) by extensions ['ros']
[0.281s] Level 1:colcon.colcon_core.package_identification:_identify(src) by extension 'ros'
[0.281s] Level 1:colcon.colcon_core.package_identification:_identify(src) by extensions ['cmake', 'python']
[0.281s] Level 1:colcon.colcon_core.package_identification:_identify(src) by extension 'cmake'
[0.281s] Level 1:colcon.colcon_core.package_identification:_identify(src) by extension 'python'
[0.281s] Level 1:colcon.colcon_core.package_identification:_identify(src) by extensions ['python_setup_py']
[0.281s] Level 1:colcon.colcon_core.package_identification:_identify(src) by extension 'python_setup_py'
[0.281s] Level 1:colcon.colcon_core.package_identification:_identify(src/slam_core) by extensions ['ignore', 'ignore_ament_install']
[0.281s] Level 1:colcon.colcon_core.package_identification:_identify(src/slam_core) by extension 'ignore'
[0.281s] Level 1:colcon.colcon_core.package_identification:_identify(src/slam_core) by extension 'ignore_ament_install'
[0.281s] Level 1:colcon.colcon_core.package_identification:_identify(src/slam_core) by extensions ['colcon_pkg']
[0.281s] Level 1:colcon.colcon_core.package_identification:_identify(src/slam_core) by extension 'colcon_pkg'
[0.281s] Level 1:colcon.colcon_core.package_identification:_identify(src/slam_core) by extensions ['colcon_meta']
[0.281s] Level 1:colcon.colcon_core.package_identification:_identify(src/slam_core) by extension 'colcon_meta'
[0.281s] Level 1:colcon.colcon_core.package_identification:_identify(src/slam_core) by extensions ['ros']
[0.281s] Level 1:colcon.colcon_core.package_identification:_identify(src/slam_core) by extension 'ros'
[0.284s] DEBUG:colcon.colcon_core.package_identification:Package 'src/slam_core' with type 'ros.ament_cmake' and name 'slam_core'
[0.284s] Level 1:colcon.colcon_core.package_discovery:discover_packages(recursive) using defaults
[0.285s] Level 1:colcon.colcon_core.package_discovery:discover_packages(ignore) discover
[0.285s] Level 1:colcon.colcon_core.package_discovery:discover_packages(ignore) using defaults
[0.285s] Level 1:colcon.colcon_core.package_discovery:discover_packages(path) discover
[0.285s] Level 1:colcon.colcon_core.package_discovery:discover_packages(path) using defaults
[0.313s] Level 1:colcon.colcon_core.package_discovery:discover_packages(prefix_path) check parameters
[0.313s] Level 1:colcon.colcon_core.package_discovery:discover_packages(prefix_path) discover
[0.314s] DEBUG:colcon.colcon_installed_package_information.package_discovery:Found 1 installed packages in /home/dongjae/slambook_ws/install
[0.315s] DEBUG:colcon.colcon_installed_package_information.package_discovery:Found 271 installed packages in /opt/ros/humble
[0.316s] Level 1:colcon.colcon_core.package_discovery:discover_packages(prefix_path) using defaults
[0.341s] Level 5:colcon.colcon_core.verb:set package 'slam_core' build argument 'cmake_args' from command line to '['-DCMAKE_BUILD_TYPE=Debug', '-DCMAKE_EXPORT_COMPILE_COMMANDS=ON']'
[0.342s] Level 5:colcon.colcon_core.verb:set package 'slam_core' build argument 'cmake_target' from command line to 'None'
[0.342s] Level 5:colcon.colcon_core.verb:set package 'slam_core' build argument 'cmake_target_skip_unavailable' from command line to 'False'
[0.342s] Level 5:colcon.colcon_core.verb:set package 'slam_core' build argument 'cmake_clean_cache' from command line to 'False'
[0.342s] Level 5:colcon.colcon_core.verb:set package 'slam_core' build argument 'cmake_clean_first' from command line to 'False'
[0.342s] Level 5:colcon.colcon_core.verb:set package 'slam_core' build argument 'cmake_force_configure' from command line to 'False'
[0.342s] Level 5:colcon.colcon_core.verb:set package 'slam_core' build argument 'ament_cmake_args' from command line to 'None'
[0.342s] Level 5:colcon.colcon_core.verb:set package 'slam_core' build argument 'catkin_cmake_args' from command line to 'None'
[0.342s] Level 5:colcon.colcon_core.verb:set package 'slam_core' build argument 'catkin_skip_building_tests' from command line to 'False'
[0.342s] DEBUG:colcon.colcon_core.verb:Building package 'slam_core' with the following arguments: {'ament_cmake_args': None, 'build_base': '/home/dongjae/slambook_ws/build/slam_core', 'catkin_cmake_args': None, 'catkin_skip_building_tests': False, 'cmake_args': ['-DCMAKE_BUILD_TYPE=Debug', '-DCMAKE_EXPORT_COMPILE_COMMANDS=ON'], 'cmake_clean_cache': False, 'cmake_clean_first': False, 'cmake_force_configure': False, 'cmake_target': None, 'cmake_target_skip_unavailable': False, 'install_base': '/home/dongjae/slambook_ws/install/slam_core', 'merge_install': False, 'path': '/home/dongjae/slambook_ws/src/slam_core', 'symlink_install': False, 'test_result_base': None}
[0.342s] INFO:colcon.colcon_core.executor:Executing jobs using 'parallel' executor
[0.343s] DEBUG:colcon.colcon_parallel_executor.executor.parallel:run_until_complete
[0.343s] INFO:colcon.colcon_ros.task.ament_cmake.build:Building ROS package in '/home/dongjae/slambook_ws/src/slam_core' with build type 'ament_cmake'
[0.344s] INFO:colcon.colcon_cmake.task.cmake.build:Building CMake package in '/home/dongjae/slambook_ws/src/slam_core'
[0.346s] INFO:colcon.colcon_core.plugin_system:Skipping extension 'colcon_core.shell.bat': Not used on non-Windows systems
[0.346s] INFO:colcon.colcon_core.shell:Skip shell extension 'powershell' for command environment: Not usable outside of PowerShell
[0.346s] DEBUG:colcon.colcon_core.shell:Skip shell extension 'dsv' for command environment
[0.357s] DEBUG:colcon.colcon_core.event_handler.log_command:Invoking command in '/home/dongjae/slambook_ws/build/slam_core': CMAKE_PREFIX_PATH=${CMAKE_PREFIX_PATH}:/opt/ros/humble /usr/bin/cmake --build /home/dongjae/slambook_ws/build/slam_core -- -j16 -l16
[24.899s] DEBUG:colcon.colcon_core.event_handler.log_command:Invoked command in '/home/dongjae/slambook_ws/build/slam_core' returned '0': CMAKE_PREFIX_PATH=${CMAKE_PREFIX_PATH}:/opt/ros/humble /usr/bin/cmake --build /home/dongjae/slambook_ws/build/slam_core -- -j16 -l16
[24.908s] DEBUG:colcon.colcon_core.event_handler.log_command:Invoking command in '/home/dongjae/slambook_ws/build/slam_core': CMAKE_PREFIX_PATH=${CMAKE_PREFIX_PATH}:/opt/ros/humble /usr/bin/cmake --install /home/dongjae/slambook_ws/build/slam_core
[24.954s] Level 1:colcon.colcon_core.environment:create_environment_scripts_only(slam_core)
[24.955s] DEBUG:colcon.colcon_core.event_handler.log_command:Invoked command in '/home/dongjae/slambook_ws/build/slam_core' returned '0': CMAKE_PREFIX_PATH=${CMAKE_PREFIX_PATH}:/opt/ros/humble /usr/bin/cmake --install /home/dongjae/slambook_ws/build/slam_core
[24.956s] Level 1:colcon.colcon_core.environment:checking '/home/dongjae/slambook_ws/install/slam_core' for CMake module files
[24.956s] Level 1:colcon.colcon_core.environment:checking '/home/dongjae/slambook_ws/install/slam_core' for CMake config files
[24.957s] Level 1:colcon.colcon_core.shell:create_environment_hook('slam_core', 'cmake_prefix_path')
[24.957s] INFO:colcon.colcon_core.shell:Creating environment hook '/home/dongjae/slambook_ws/install/slam_core/share/slam_core/hook/cmake_prefix_path.ps1'
[24.957s] INFO:colcon.colcon_core.shell:Creating environment descriptor '/home/dongjae/slambook_ws/install/slam_core/share/slam_core/hook/cmake_prefix_path.dsv'
[24.958s] INFO:colcon.colcon_core.shell:Creating environment hook '/home/dongjae/slambook_ws/install/slam_core/share/slam_core/hook/cmake_prefix_path.sh'
[24.958s] Level 1:colcon.colcon_core.environment:checking '/home/dongjae/slambook_ws/install/slam_core/lib'
[24.959s] Level 1:colcon.colcon_core.environment:checking '/home/dongjae/slambook_ws/install/slam_core/bin'
[24.959s] Level 1:colcon.colcon_core.environment:checking '/home/dongjae/slambook_ws/install/slam_core/lib/pkgconfig/slam_core.pc'
[24.959s] Level 1:colcon.colcon_core.environment:checking '/home/dongjae/slambook_ws/install/slam_core/lib/python3.10/site-packages'
[24.959s] Level 1:colcon.colcon_core.environment:checking '/home/dongjae/slambook_ws/install/slam_core/bin'
[24.959s] INFO:colcon.colcon_core.shell:Creating package script '/home/dongjae/slambook_ws/install/slam_core/share/slam_core/package.ps1'
[24.960s] INFO:colcon.colcon_core.shell:Creating package descriptor '/home/dongjae/slambook_ws/install/slam_core/share/slam_core/package.dsv'
[24.960s] INFO:colcon.colcon_core.shell:Creating package script '/home/dongjae/slambook_ws/install/slam_core/share/slam_core/package.sh'
[24.961s] INFO:colcon.colcon_core.shell:Creating package script '/home/dongjae/slambook_ws/install/slam_core/share/slam_core/package.bash'
[24.961s] INFO:colcon.colcon_core.shell:Creating package script '/home/dongjae/slambook_ws/install/slam_core/share/slam_core/package.zsh'
[24.962s] Level 1:colcon.colcon_core.environment:create_file_with_runtime_dependencies(/home/dongjae/slambook_ws/install/slam_core/share/colcon-core/packages/slam_core)
[24.962s] Level 1:colcon.colcon_core.environment:create_environment_scripts_only(slam_core)
[24.962s] Level 1:colcon.colcon_core.environment:checking '/home/dongjae/slambook_ws/install/slam_core' for CMake module files
[24.962s] Level 1:colcon.colcon_core.environment:checking '/home/dongjae/slambook_ws/install/slam_core' for CMake config files
[24.963s] Level 1:colcon.colcon_core.shell:create_environment_hook('slam_core', 'cmake_prefix_path')
[24.963s] INFO:colcon.colcon_core.shell:Creating environment hook '/home/dongjae/slambook_ws/install/slam_core/share/slam_core/hook/cmake_prefix_path.ps1'
[24.963s] INFO:colcon.colcon_core.shell:Creating environment descriptor '/home/dongjae/slambook_ws/install/slam_core/share/slam_core/hook/cmake_prefix_path.dsv'
[24.963s] INFO:colcon.colcon_core.shell:Creating environment hook '/home/dongjae/slambook_ws/install/slam_core/share/slam_core/hook/cmake_prefix_path.sh'
[24.964s] Level 1:colcon.colcon_core.environment:checking '/home/dongjae/slambook_ws/install/slam_core/lib'
[24.964s] Level 1:colcon.colcon_core.environment:checking '/home/dongjae/slambook_ws/install/slam_core/bin'
[24.964s] Level 1:colcon.colcon_core.environment:checking '/home/dongjae/slambook_ws/install/slam_core/lib/pkgconfig/slam_core.pc'
[24.964s] Level 1:colcon.colcon_core.environment:checking '/home/dongjae/slambook_ws/install/slam_core/lib/python3.10/site-packages'
[24.964s] Level 1:colcon.colcon_core.environment:checking '/home/dongjae/slambook_ws/install/slam_core/bin'
[24.964s] INFO:colcon.colcon_core.shell:Creating package script '/home/dongjae/slambook_ws/install/slam_core/share/slam_core/package.ps1'
[24.965s] INFO:colcon.colcon_core.shell:Creating package descriptor '/home/dongjae/slambook_ws/install/slam_core/share/slam_core/package.dsv'
[24.965s] INFO:colcon.colcon_core.shell:Creating package script '/home/dongjae/slambook_ws/install/slam_core/share/slam_core/package.sh'
[24.966s] INFO:colcon.colcon_core.shell:Creating package script '/home/dongjae/slambook_ws/install/slam_core/share/slam_core/package.bash'
[24.966s] INFO:colcon.colcon_core.shell:Creating package script '/home/dongjae/slambook_ws/install/slam_core/share/slam_core/package.zsh'
[24.966s] Level 1:colcon.colcon_core.environment:create_file_with_runtime_dependencies(/home/dongjae/slambook_ws/install/slam_core/share/colcon-core/packages/slam_core)
[24.967s] DEBUG:colcon.colcon_parallel_executor.executor.parallel:closing loop
[24.967s] DEBUG:colcon.colcon_parallel_executor.executor.parallel:loop closed
[24.967s] DEBUG:colcon.colcon_parallel_executor.executor.parallel:run_until_complete finished with '0'
[24.968s] DEBUG:colcon.colcon_core.event_reactor:joining thread
[25.000s] INFO:colcon.colcon_core.plugin_system:Skipping extension 'colcon_notification.desktop_notification.notify_send': Could not find 'notify-send'
[25.001s] INFO:colcon.colcon_core.plugin_system:Skipping extension 'colcon_notification.desktop_notification.terminal_notifier': Not used on non-Darwin systems
[25.001s] INFO:colcon.colcon_core.plugin_system:Skipping extension 'colcon_notification.desktop_notification.win32': Not used on non-Windows systems
[25.001s] INFO:colcon.colcon_notification.desktop_notification:Sending desktop notification using 'notify2'
[25.001s] DEBUG:colcon.colcon_notification.desktop_notification.notify2:Failed to initialize notify2: org.freedesktop.DBus.Error.FileNotFound: Failed to connect to socket /run/user/1000/bus: No such file or directory
[25.001s] DEBUG:colcon.colcon_core.event_reactor:joined thread
[25.002s] INFO:colcon.colcon_core.shell:Creating prefix script '/home/dongjae/slambook_ws/install/local_setup.ps1'
[25.002s] INFO:colcon.colcon_core.shell:Creating prefix util module '/home/dongjae/slambook_ws/install/_local_setup_util_ps1.py'
[25.003s] INFO:colcon.colcon_core.shell:Creating prefix chain script '/home/dongjae/slambook_ws/install/setup.ps1'
[25.004s] INFO:colcon.colcon_core.shell:Creating prefix script '/home/dongjae/slambook_ws/install/local_setup.sh'
[25.005s] INFO:colcon.colcon_core.shell:Creating prefix util module '/home/dongjae/slambook_ws/install/_local_setup_util_sh.py'
[25.005s] INFO:colcon.colcon_core.shell:Creating prefix chain script '/home/dongjae/slambook_ws/install/setup.sh'
[25.006s] INFO:colcon.colcon_core.shell:Creating prefix script '/home/dongjae/slambook_ws/install/local_setup.bash'
[25.007s] INFO:colcon.colcon_core.shell:Creating prefix chain script '/home/dongjae/slambook_ws/install/setup.bash'
[25.008s] INFO:colcon.colcon_core.shell:Creating prefix script '/home/dongjae/slambook_ws/install/local_setup.zsh'
[25.008s] INFO:colcon.colcon_core.shell:Creating prefix chain script '/home/dongjae/slambook_ws/install/setup.zsh'
