[0.012s] Invoking command in '/home/dongjae/slambook_ws/build/slam_core': CMAKE_PREFIX_PATH=${CMAKE_PREFIX_PATH}:/opt/ros/humble /usr/bin/cmake --build /home/dongjae/slambook_ws/build/slam_core -- -j16 -l16
[0.052s] [35m[1mConsolidate compiler generated dependencies of target slam_system[0m
[0.075s] [ 20%] [32mBuilding CXX object CMakeFiles/slam_system.dir/src/slam_system.cpp.o[0m
[24.887s] [ 40%] [32m[1mLinking CXX executable slam_system[0m
[26.971s] [100%] Built target slam_system
[26.983s] Invoked command in '/home/dongjae/slambook_ws/build/slam_core' returned '0': CMAKE_PREFIX_PATH=${CMAKE_PREFIX_PATH}:/opt/ros/humble /usr/bin/cmake --build /home/dongjae/slambook_ws/build/slam_core -- -j16 -l16
[26.992s] Invoking command in '/home/dongjae/slambook_ws/build/slam_core': CMAKE_PREFIX_PATH=${CMAKE_PREFIX_PATH}:/opt/ros/humble /usr/bin/cmake --install /home/dongjae/slambook_ws/build/slam_core
[26.995s] -- Install configuration: "Debug"
[26.996s] -- Installing: /home/dongjae/slambook_ws/install/slam_core/lib/slam_core/slam_system
[27.089s] -- Set runtime path of "/home/dongjae/slambook_ws/install/slam_core/lib/slam_core/slam_system" to ""
[27.089s] -- Up-to-date: /home/dongjae/slambook_ws/install/slam_core/share/ament_index/resource_index/package_run_dependencies/slam_core
[27.089s] -- Up-to-date: /home/dongjae/slambook_ws/install/slam_core/share/ament_index/resource_index/parent_prefix_path/slam_core
[27.089s] -- Up-to-date: /home/dongjae/slambook_ws/install/slam_core/share/slam_core/environment/ament_prefix_path.sh
[27.089s] -- Up-to-date: /home/dongjae/slambook_ws/install/slam_core/share/slam_core/environment/ament_prefix_path.dsv
[27.089s] -- Up-to-date: /home/dongjae/slambook_ws/install/slam_core/share/slam_core/environment/path.sh
[27.089s] -- Up-to-date: /home/dongjae/slambook_ws/install/slam_core/share/slam_core/environment/path.dsv
[27.089s] -- Up-to-date: /home/dongjae/slambook_ws/install/slam_core/share/slam_core/local_setup.bash
[27.089s] -- Up-to-date: /home/dongjae/slambook_ws/install/slam_core/share/slam_core/local_setup.sh
[27.089s] -- Up-to-date: /home/dongjae/slambook_ws/install/slam_core/share/slam_core/local_setup.zsh
[27.089s] -- Up-to-date: /home/dongjae/slambook_ws/install/slam_core/share/slam_core/local_setup.dsv
[27.089s] -- Installing: /home/dongjae/slambook_ws/install/slam_core/share/slam_core/package.dsv
[27.089s] -- Up-to-date: /home/dongjae/slambook_ws/install/slam_core/share/ament_index/resource_index/packages/slam_core
[27.089s] -- Up-to-date: /home/dongjae/slambook_ws/install/slam_core/share/slam_core/cmake/slam_coreConfig.cmake
[27.089s] -- Up-to-date: /home/dongjae/slambook_ws/install/slam_core/share/slam_core/cmake/slam_coreConfig-version.cmake
[27.089s] -- Up-to-date: /home/dongjae/slambook_ws/install/slam_core/share/slam_core/package.xml
[27.092s] Invoked command in '/home/dongjae/slambook_ws/build/slam_core' returned '0': CMAKE_PREFIX_PATH=${CMAKE_PREFIX_PATH}:/opt/ros/humble /usr/bin/cmake --install /home/dongjae/slambook_ws/build/slam_core
